<?xml version="1.0" encoding="UTF-8"?>
<!-- Generated by org.testng.reporters.JUnitXMLReporter -->
<testsuite hostname="SaurabhM-m2" failures="0" tests="4" name="Default test" time="0.018" errors="0" timestamp="22 Jun 2018 06:41:28 GMT">
  <testcase classname="TestAutothon17.InitFactory" name="test" time="0.004"/>
  <testcase classname="TestAutothon17.InitFactory" name="test" time="0.001"/>
  <testcase classname="TestAutothon17.InitFactory" name="test" time="0.001"/>
  <testcase classname="TestAutothon17.InitFactory" name="test" time="0.0"/>
</testsuite> <!-- Default test -->
