<?xml version="1.0" encoding="UTF-8"?>
<!-- Generated by org.testng.reporters.JUnitXMLReporter -->
<testsuite ignored="0" hostname="LAPTOP-HSPQSV91" failures="0" tests="7" name="SignIn-Checkout Functionality" time="119.753" errors="0" timestamp="25 Aug 2018 14:56:20 GMT">
  <testcase classname="com.HelloFresh.SignInTest" name="signInTest" time="11.638"/>
  <testcase classname="com.HelloFresh.LogInTest" name="setUp" time="20.175"/>
  <testcase classname="com.HelloFresh.CheckOutTest" name="setUp" time="34.48"/>
  <testcase classname="com.HelloFresh.LogInTest" name="logInTest" time="13.106"/>
  <testcase classname="com.HelloFresh.CheckOutTest" name="CheckoutTest" time="24.38"/>
  <testcase classname="com.HelloFresh.LogInTest" name="LogOut" time="0.542"/>
  <testcase classname="com.HelloFresh.CheckOutTest" name="closeApplication" time="0.307"/>
</testsuite> <!-- SignIn-Checkout Functionality -->
