<?xml version="1.0" encoding="UTF-8"?>
<!-- Generated by org.testng.reporters.JUnitXMLReporter -->
<testsuite ignored="0" hostname="LSQLAP-1033" failures="0" tests="4" name="Default test" time="0.164" errors="0" timestamp="2022-07-04T14:52:07 IST">
  <testcase classname="test.Day2" name="day2" time="0.015"/>
  <testcase classname="test.Day2" name="day2" time="0.004"/>
  <testcase classname="test.Day2" name="day2" time="0.007"/>
  <testcase classname="test.Day2" name="smoke" time="0.003"/>
</testsuite> <!-- Default test -->
