-------------------------------------------------------------------------------
Test set: TestSuite
-------------------------------------------------------------------------------
Tests run: 3, Failures: 1, Errors: 0, Skipped: 0, Time elapsed: 84.449 s <<< FAILURE! - in TestSuite
verifyLoginPageTitleTest(com.qa.hubspot.tests.LoginTest)  Time elapsed: 12.527 s  <<< FAILURE!
java.lang.AssertionError: expected [HubSpot Login123] but found [HubSpot Login]
	at com.qa.hubspot.tests.LoginTest.verifyLoginPageTitleTest(LoginTest.java:60)

