<?xml version="1.0" encoding="UTF-8"?>
<!-- Generated by org.testng.reporters.JUnitXMLReporter -->
<testsuite hostname="LAPTOP-HSPQSV91" ignored="0" name="Test Sample" tests="6" failures="0" timestamp="10 Nov 2018 14:59:52 GMT" time="28.146" errors="0">
  <testcase name="checkSingleparam" time="0.007" classname="Files.TestNG.CheckParameters"/>
  <testcase name="testLogin" time="0.004" classname="Files.TestNG.CheckGroups"/>
  <testcase name="testCreateAdmin" time="0.002" classname="Files.TestNG.CheckGroups"/>
  <testcase name="testEditAdmin" time="0.002" classname="Files.TestNG.CheckGroups"/>
  <testcase name="testCreateUser" time="0.001" classname="Files.TestNG.CheckGroups"/>
  <testcase name="testDeleteUser" time="0.002" classname="Files.TestNG.CheckGroups"/>
</testsuite> <!-- Test Sample -->
