<?xml version="1.0" encoding="UTF-8"?>
<!-- Generated by org.testng.reporters.JUnitXMLReporter -->
<testsuite hostname="SDD-18" ignored="0" name="Add/Edit Carousel Page" tests="6" failures="0" timestamp="08 May 2018 12:35:35 GMT" time="26.279" errors="0">
  <testcase name="@BeforeMethod beforeMethod" time="8.789" classname="tests.TC003_VerifyAddNewCarouselAndHavingRequiredElements">
    <failure type="java.lang.NullPointerException">
      <![CDATA[java.lang.NullPointerExceptionat org.openqa.selenium.support.pagefactory.DefaultElementLocator.findElement(DefaultElementLocator.java:59)at org.openqa.selenium.support.pagefactory.internal.LocatingElementHandler.invoke(LocatingElementHandler.java:34)at com.sun.proxy.$Proxy13.sendKeys(Unknown Source)at pages.Login.loginToApplication_aroundBody0(Login.java:39)at pages.Login$AjcClosure1.run(Login.java:1)at io.qameta.allure.aspects.StepsAspects.step(StepsAspects.java:51)at pages.Login.loginToApplication(Login.java:39)at tests.TC003_VerifyAddNewCarouselAndHavingRequiredElements.beforeMethod(TC003_VerifyAddNewCarouselAndHavingRequiredElements.java:48)... Removed 32 stack frames]]>
    </failure>
  </testcase> <!-- @BeforeMethod beforeMethod -->
  <testcase name="@AfterMethod afterMethod" time="0.0" classname="tests.TC003_VerifyAddNewCarouselAndHavingRequiredElements">
    <skipped/>
  </testcase> <!-- @AfterMethod afterMethod -->
  <testcase name="@BeforeMethod beforeMethod" time="7.61" classname="tests.TC004_VerifyAddEditCarouselElements">
    <failure type="java.lang.NullPointerException">
      <![CDATA[java.lang.NullPointerExceptionat org.openqa.selenium.support.pagefactory.DefaultElementLocator.findElement(DefaultElementLocator.java:59)at org.openqa.selenium.support.pagefactory.internal.LocatingElementHandler.invoke(LocatingElementHandler.java:34)at com.sun.proxy.$Proxy13.sendKeys(Unknown Source)at pages.Login.loginToApplication_aroundBody0(Login.java:39)at pages.Login$AjcClosure1.run(Login.java:1)at io.qameta.allure.aspects.StepsAspects.step(StepsAspects.java:51)at pages.Login.loginToApplication(Login.java:39)at tests.TC004_VerifyAddEditCarouselElements.beforeMethod(TC004_VerifyAddEditCarouselElements.java:48)... Removed 32 stack frames]]>
    </failure>
  </testcase> <!-- @BeforeMethod beforeMethod -->
  <testcase name="@AfterMethod afterMethod" time="0.0" classname="tests.TC004_VerifyAddEditCarouselElements">
    <skipped/>
  </testcase> <!-- @AfterMethod afterMethod -->
  <testcase name="@BeforeMethod beforeMethod" time="9.827" classname="tests.TC005_VerifyAddEditDeleteCarouselFeature">
    <failure type="java.lang.NullPointerException">
      <![CDATA[java.lang.NullPointerExceptionat org.openqa.selenium.support.pagefactory.DefaultElementLocator.findElement(DefaultElementLocator.java:59)at org.openqa.selenium.support.pagefactory.internal.LocatingElementHandler.invoke(LocatingElementHandler.java:34)at com.sun.proxy.$Proxy13.sendKeys(Unknown Source)at pages.Login.loginToApplication_aroundBody0(Login.java:39)at pages.Login$AjcClosure1.run(Login.java:1)at io.qameta.allure.aspects.StepsAspects.step(StepsAspects.java:51)at pages.Login.loginToApplication(Login.java:39)at tests.TC005_VerifyAddEditDeleteCarouselFeature.beforeMethod(TC005_VerifyAddEditDeleteCarouselFeature.java:50)... Removed 32 stack frames]]>
    </failure>
  </testcase> <!-- @BeforeMethod beforeMethod -->
  <testcase name="@AfterMethod afterMethod" time="0.0" classname="tests.TC005_VerifyAddEditDeleteCarouselFeature">
    <skipped/>
  </testcase> <!-- @AfterMethod afterMethod -->
  <testcase name="@BeforeMethod beforeMethod" time="0.0" classname="tests.TC004_VerifyAddEditCarouselElements">
    <skipped/>
  </testcase> <!-- @BeforeMethod beforeMethod -->
  <testcase name="@AfterMethod afterMethod" time="0.0" classname="tests.TC004_VerifyAddEditCarouselElements">
    <skipped/>
  </testcase> <!-- @AfterMethod afterMethod -->
  <testcase name="@BeforeMethod beforeMethod" time="0.0" classname="tests.TC005_VerifyAddEditDeleteCarouselFeature">
    <skipped/>
  </testcase> <!-- @BeforeMethod beforeMethod -->
  <testcase name="@AfterMethod afterMethod" time="0.0" classname="tests.TC005_VerifyAddEditDeleteCarouselFeature">
    <skipped/>
  </testcase> <!-- @AfterMethod afterMethod -->
  <testcase name="@BeforeMethod beforeMethod" time="0.0" classname="tests.TC005_VerifyAddEditDeleteCarouselFeature">
    <skipped/>
  </testcase> <!-- @BeforeMethod beforeMethod -->
  <testcase name="@AfterMethod afterMethod" time="0.0" classname="tests.TC005_VerifyAddEditDeleteCarouselFeature">
    <skipped/>
  </testcase> <!-- @AfterMethod afterMethod -->
  <testcase name="VerifyAbleToRouteToAddNewCarouselHavingSomeFields" time="0.0" classname="tests.TC003_VerifyAddNewCarouselAndHavingRequiredElements">
    <skipped/>
  </testcase> <!-- VerifyAbleToRouteToAddNewCarouselHavingSomeFields -->
  <testcase name="VerifyElementsWhileAddingNewCarousel" time="0.0" classname="tests.TC004_VerifyAddEditCarouselElements">
    <skipped/>
  </testcase> <!-- VerifyElementsWhileAddingNewCarousel -->
  <testcase name="VerifyAbleToAddNewCarouselInTheSystem" time="0.0" classname="tests.TC005_VerifyAddEditDeleteCarouselFeature">
    <skipped/>
  </testcase> <!-- VerifyAbleToAddNewCarouselInTheSystem -->
  <testcase name="VerifyElementsWhileEditingExistingCarousel" time="0.0" classname="tests.TC004_VerifyAddEditCarouselElements">
    <skipped/>
  </testcase> <!-- VerifyElementsWhileEditingExistingCarousel -->
  <testcase name="VerifyIsAbleToEditNewlyAddedCarousel" time="0.0" classname="tests.TC005_VerifyAddEditDeleteCarouselFeature">
    <skipped/>
  </testcase> <!-- VerifyIsAbleToEditNewlyAddedCarousel -->
  <testcase name="VerifyIsAbleToDeleteItemsFromAddedEditedCarousel" time="0.0" classname="tests.TC005_VerifyAddEditDeleteCarouselFeature">
    <skipped/>
  </testcase> <!-- VerifyIsAbleToDeleteItemsFromAddedEditedCarousel -->
</testsuite> <!-- Add/Edit Carousel Page -->
