<?xml version="1.0" encoding="UTF-8"?>
<!-- Generated by org.testng.reporters.JUnitXMLReporter -->
<testsuite hostname="Dell-PC" name="CRM Testing" tests="3" failures="0" timestamp="11 Apr 2020 16:30:30 GMT" time="101.845" errors="0">
  <testcase name="successfullLogin" time="16.913" classname="Testcases.loginpagetest"/>
  <testcase name="Usernamedisplayed" time="0.225" classname="Testcases.homepagetest"/>
  <testcase name="verifycontactpagenavigation" time="4.742" classname="Testcases.contactpage_test"/>
</testsuite> <!-- CRM Testing -->
