<?xml version="1.0" encoding="UTF-8"?>
<testng-results skipped="0" failed="0" total="1" passed="1">
  <reporter-output>
  </reporter-output>
  <suite name="test.testNGAnnotationsSample" duration-ms="43" started-at="2022-06-02T17:53:10Z" finished-at="2022-06-02T17:53:11Z">
    <groups>
    </groups>
    <test name="Command line test" duration-ms="43" started-at="2022-06-02T17:53:10Z" finished-at="2022-06-02T17:53:11Z">
      <class name="test.testNGAnnotationsSample">
        <test-method status="PASS" signature="beforeTest()[pri:0, instance:test.testNGAnnotationsSample@b684286]" name="beforeTest" is-config="true" duration-ms="9" started-at="2022-06-02T23:23:10Z" finished-at="2022-06-02T23:23:11Z">
          <reporter-output>
          </reporter-output>
        </test-method> <!-- beforeTest -->
        <test-method status="PASS" signature="Test2(java.lang.String)[pri:0, instance:test.testNGAnnotationsSample@b684286]" name="Test2" duration-ms="1" started-at="2022-06-02T23:23:11Z" finished-at="2022-06-02T23:23:11Z">
          <params>
            <param index="0">
              <value>
                <![CDATA[test.testNGAnnotationsSample#Test2]]>
              </value>
            </param>
          </params>
          <reporter-output>
          </reporter-output>
        </test-method> <!-- Test2 -->
        <test-method status="PASS" signature="beforeMethod()[pri:0, instance:test.testNGAnnotationsSample@b684286]" name="beforeMethod" is-config="true" duration-ms="0" started-at="2022-06-02T23:23:11Z" finished-at="2022-06-02T23:23:11Z">
          <reporter-output>
          </reporter-output>
        </test-method> <!-- beforeMethod -->
        <test-method status="PASS" signature="afterMethod()[pri:0, instance:test.testNGAnnotationsSample@b684286]" name="afterMethod" is-config="true" duration-ms="1" started-at="2022-06-02T23:23:11Z" finished-at="2022-06-02T23:23:11Z">
          <reporter-output>
          </reporter-output>
        </test-method> <!-- afterMethod -->
        <test-method status="PASS" signature="afterTest()[pri:0, instance:test.testNGAnnotationsSample@b684286]" name="afterTest" is-config="true" duration-ms="0" started-at="2022-06-02T23:23:11Z" finished-at="2022-06-02T23:23:11Z">
          <reporter-output>
          </reporter-output>
        </test-method> <!-- afterTest -->
      </class> <!-- test.testNGAnnotationsSample -->
    </test> <!-- Command line test -->
  </suite> <!-- test.testNGAnnotationsSample -->
</testng-results>
