<?xml version="1.0" encoding="UTF-8"?>
<testng-results ignored="0" total="2" passed="2" failed="0" skipped="0">
  <reporter-output>
  </reporter-output>
  <suite started-at="2022-08-11T16:33:22 EDT" name="Suite" finished-at="2022-08-11T16:33:24 EDT" duration-ms="1429">
    <groups>
    </groups>
    <test started-at="2022-08-11T16:33:22 EDT" name="TestNG" finished-at="2022-08-11T16:33:24 EDT" duration-ms="1429">
      <class name="MySQLTest.DatabaseTestingDemo">
        <test-method is-config="true" signature="setUp()[pri:0, instance:MySQLTest.DatabaseTestingDemo@c86b9e3]" started-at="2022-08-11T16:33:22 EDT" name="setUp" finished-at="2022-08-11T16:33:23 EDT" duration-ms="1023" status="PASS">
          <reporter-output>
          </reporter-output>
        </test-method> <!-- setUp -->
        <test-method is-config="true" signature="setUp()[pri:0, instance:MySQLTest.DatabaseTestingDemo@c86b9e3]" started-at="2022-08-11T16:33:23 EDT" name="setUp" finished-at="2022-08-11T16:33:23 EDT" duration-ms="81" status="PASS">
          <reporter-output>
          </reporter-output>
        </test-method> <!-- setUp -->
        <test-method signature="test()[pri:0, instance:MySQLTest.DatabaseTestingDemo@c86b9e3]" started-at="2022-08-11T16:33:23 EDT" name="test" finished-at="2022-08-11T16:33:24 EDT" duration-ms="187" status="PASS">
          <reporter-output>
          </reporter-output>
        </test-method> <!-- test -->
        <test-method is-config="true" signature="tearDown()[pri:0, instance:MySQLTest.DatabaseTestingDemo@c86b9e3]" started-at="2022-08-11T16:33:24 EDT" name="tearDown" finished-at="2022-08-11T16:33:24 EDT" duration-ms="3" status="PASS">
          <reporter-output>
          </reporter-output>
        </test-method> <!-- tearDown -->
        <test-method is-config="true" signature="setUp()[pri:0, instance:MySQLTest.DatabaseTestingDemo@c86b9e3]" started-at="2022-08-11T16:33:24 EDT" name="setUp" finished-at="2022-08-11T16:33:24 EDT" duration-ms="67" status="PASS">
          <reporter-output>
          </reporter-output>
        </test-method> <!-- setUp -->
        <test-method signature="test2()[pri:0, instance:MySQLTest.DatabaseTestingDemo@c86b9e3]" started-at="2022-08-11T16:33:24 EDT" name="test2" finished-at="2022-08-11T16:33:24 EDT" duration-ms="5" status="PASS">
          <reporter-output>
          </reporter-output>
        </test-method> <!-- test2 -->
        <test-method is-config="true" signature="tearDown()[pri:0, instance:MySQLTest.DatabaseTestingDemo@c86b9e3]" started-at="2022-08-11T16:33:24 EDT" name="tearDown" finished-at="2022-08-11T16:33:24 EDT" duration-ms="2" status="PASS">
          <reporter-output>
          </reporter-output>
        </test-method> <!-- tearDown -->
        <test-method is-config="true" signature="tearDown()[pri:0, instance:MySQLTest.DatabaseTestingDemo@c86b9e3]" started-at="2022-08-11T16:33:24 EDT" name="tearDown" finished-at="2022-08-11T16:33:24 EDT" duration-ms="1" status="PASS">
          <reporter-output>
          </reporter-output>
        </test-method> <!-- tearDown -->
      </class> <!-- MySQLTest.DatabaseTestingDemo -->
    </test> <!-- TestNG -->
  </suite> <!-- Suite -->
</testng-results>
