<?xml version="1.0" encoding="UTF-8"?>
<testng-results skipped="0" failed="0" ignored="0" total="1" passed="1">
  <reporter-output>
  </reporter-output>
  <suite name="Default suite" duration-ms="7329" started-at="2020-04-02T11:04:36Z" finished-at="2020-04-02T11:04:43Z">
    <groups>
    </groups>
    <test name="Default test" duration-ms="7329" started-at="2020-04-02T11:04:36Z" finished-at="2020-04-02T11:04:43Z">
      <class name="httpClientAPIs.GetUserAPI">
        <test-method status="PASS" signature="GetUserTest()[pri:0, instance:httpClientAPIs.GetUserAPI@e25b2fe]" name="GetUserTest" duration-ms="7069" started-at="2020-04-02T11:04:36Z" finished-at="2020-04-02T11:04:43Z">
          <reporter-output>
          </reporter-output>
        </test-method> <!-- GetUserTest -->
      </class> <!-- httpClientAPIs.GetUserAPI -->
    </test> <!-- Default test -->
  </suite> <!-- Default suite -->
</testng-results>
