<?xml version="1.0" encoding="UTF-8"?>
<testsuite xmlns:xsi="http://www.w3.org/2001/XMLSchema-instance" xsi:noNamespaceSchemaLocation="https://maven.apache.org/surefire/maven-surefire-plugin/xsd/surefire-test-report.xsd" name="TestSuite" time="207.326" tests="3" errors="0" skipped="0" failures="0">
  <properties>
[...]
</properties>
  <testcase name="noDataTest" classname="com.SearchFunctionality.SearchFunctionalityTest" time="0.647"/>
  <testcase name="validDataTest" classname="com.SearchFunctionality.SearchFunctionalityTest" time="19.204"/>
  <testcase name="invalidDataTest" classname="com.SearchFunctionality.SearchFunctionalityTest" time="14.742"/>
</testsuite>