<?xml version="1.0" encoding="UTF-8"?>
<!-- Generated by org.testng.reporters.JUnitXMLReporter -->
<testsuite hostname="Saurabh" name="Test" tests="2" failures="1" timestamp="20 Dec 2016 06:20:03 GMT" time="5138.483" errors="0">
  <testcase name="testSuite1" time="5138.439" classname="Test.TestSuiteForBatchExecution"/>
  <testcase name="TestSuite2" time="0.027" classname="Test.TestSuiteForBatchExecution">
    <failure type="java.lang.NullPointerException">
      <![CDATA[java.lang.NullPointerException
	at Test.FilesUtils.ReadExcelSuite(FilesUtils.java:67)
	at Test.TestSuiteForBatchExecution.TestSuite2(TestSuiteForBatchExecution.java:13)
	at java.util.concurrent.ThreadPoolExecutor.runWorker(Unknown Source)
	at java.util.concurrent.ThreadPoolExecutor$Worker.run(Unknown Source)
	at java.lang.Thread.run(Unknown Source)
... Removed 10 stack frames]]>
    </failure>
  </testcase> <!-- TestSuite2 -->
</testsuite> <!-- Test -->
