<?xml version="1.0" encoding="UTF-8"?>
<testng-results ignored="0" total="1" passed="1" failed="0" skipped="0">
  <reporter-output>
    <line>
      <![CDATA[Internal login working fine]]>
    </line>
  </reporter-output>
  <suite started-at="2022-05-30T15:50:17 IST" name="Suite" finished-at="2022-05-30T15:50:48 IST" duration-ms="31010">
    <groups>
    </groups>
    <test started-at="2022-05-30T15:50:17 IST" name="Test" finished-at="2022-05-30T15:50:48 IST" duration-ms="31010">
      <class name="com.LW.test.CheckList1">
        <test-method is-config="true" signature="openBrowser()[pri:0, instance:com.LW.test.CheckList1@19fb8826]" started-at="2022-05-30T15:50:17 IST" name="openBrowser" finished-at="2022-05-30T15:50:22 IST" duration-ms="5084" status="PASS">
          <reporter-output>
          </reporter-output>
        </test-method> <!-- openBrowser -->
        <test-method is-config="true" signature="login()[pri:0, instance:com.LW.test.CheckList1@19fb8826]" started-at="2022-05-30T15:50:22 IST" name="login" finished-at="2022-05-30T15:50:33 IST" duration-ms="11152" status="PASS">
          <reporter-output>
          </reporter-output>
        </test-method> <!-- login -->
        <test-method signature="Checklist1_InternalLogin()[pri:1, instance:com.LW.test.CheckList1@19fb8826]" started-at="2022-05-30T15:50:33 IST" name="Checklist1_InternalLogin" finished-at="2022-05-30T15:50:42 IST" duration-ms="8090" status="PASS">
          <reporter-output>
            <line>
              <![CDATA[Internal login working fine]]>
            </line>
          </reporter-output>
        </test-method> <!-- Checklist1_InternalLogin -->
        <test-method is-config="true" signature="LWUtility(org.testng.ITestResult)[pri:0, instance:com.LW.test.CheckList1@19fb8826]" started-at="2022-05-30T15:50:42 IST" name="LWUtility" finished-at="2022-05-30T15:50:42 IST" duration-ms="12" status="PASS">
          <params>
            <param index="0">
              <value>
                <![CDATA[[TestResult name=Checklist1_InternalLogin status=SUCCESS method=CheckList1.Checklist1_InternalLogin()[pri:1, instance:com.LW.test.CheckList1@19fb8826] output=Internal login working fine]]]>
              </value>
            </param>
          </params>
          <reporter-output>
          </reporter-output>
        </test-method> <!-- LWUtility -->
        <test-method is-config="true" signature="logout()[pri:0, instance:com.LW.test.CheckList1@19fb8826]" started-at="2022-05-30T15:50:42 IST" name="logout" finished-at="2022-05-30T15:50:47 IST" duration-ms="5613" status="PASS">
          <reporter-output>
          </reporter-output>
        </test-method> <!-- logout -->
        <test-method is-config="true" signature="closeBrowser()[pri:0, instance:com.LW.test.CheckList1@19fb8826]" started-at="2022-05-30T15:50:47 IST" name="closeBrowser" finished-at="2022-05-30T15:50:48 IST" duration-ms="1024" status="PASS">
          <reporter-output>
          </reporter-output>
        </test-method> <!-- closeBrowser -->
      </class> <!-- com.LW.test.CheckList1 -->
    </test> <!-- Test -->
  </suite> <!-- Suite -->
</testng-results>
