<?xml version="1.0" encoding="UTF-8"?>
<testng-results total="4" passed="4" failed="0" skipped="0">
  <reporter-output>
  </reporter-output>
  <suite started-at="2018-06-22T06:41:28Z" name="Default suite" finished-at="2018-06-22T06:41:28Z" duration-ms="18">
    <groups>
    </groups>
    <test started-at="2018-06-22T06:41:28Z" name="Default test" finished-at="2018-06-22T06:41:28Z" duration-ms="18">
      <class name="TestAutothon17.InitFactory">
        <test-method is-config="true" signature="TestExecutionSetUp()[pri:0, instance:TestAutothon17.InitFactory@7726e185]" started-at="2018-06-22T12:11:26Z" name="TestExecutionSetUp" finished-at="2018-06-22T12:11:28Z" duration-ms="2171" status="PASS">
          <reporter-output>
          </reporter-output>
        </test-method> <!-- TestExecutionSetUp -->
        <test-method signature="test()[pri:0, instance:TestAutothon17.InitFactory@31198ceb]" started-at="2018-06-22T12:11:28Z" name="test" finished-at="2018-06-22T12:11:28Z" duration-ms="4" status="PASS">
          <reporter-output>
          </reporter-output>
        </test-method> <!-- test -->
        <test-method signature="test()[pri:0, instance:TestAutothon17.InitFactory@75201592]" started-at="2018-06-22T12:11:28Z" name="test" finished-at="2018-06-22T12:11:28Z" duration-ms="1" status="PASS">
          <reporter-output>
          </reporter-output>
        </test-method> <!-- test -->
        <test-method signature="test()[pri:0, instance:TestAutothon17.InitFactory@7726e185]" started-at="2018-06-22T12:11:28Z" name="test" finished-at="2018-06-22T12:11:28Z" duration-ms="1" status="PASS">
          <reporter-output>
          </reporter-output>
        </test-method> <!-- test -->
        <test-method signature="test()[pri:0, instance:TestAutothon17.InitFactory@9257031]" started-at="2018-06-22T12:11:28Z" name="test" finished-at="2018-06-22T12:11:28Z" duration-ms="0" status="PASS">
          <reporter-output>
          </reporter-output>
        </test-method> <!-- test -->
      </class> <!-- TestAutothon17.InitFactory -->
    </test> <!-- Default test -->
  </suite> <!-- Default suite -->
</testng-results>
