<?xml version="1.0" encoding="UTF-8"?>
<testng-results skipped="8" failed="0" ignored="0" total="9" passed="1">
  <reporter-output>
  </reporter-output>
  <suite name="Eukleialms Leo Learning" duration-ms="101842" started-at="2018-05-08T12:33:53Z" finished-at="2018-05-08T12:35:35Z">
    <groups>
    </groups>
    <test name="Homepage" duration-ms="68026" started-at="2018-05-08T12:33:53Z" finished-at="2018-05-08T12:35:01Z">
      <class name="tests.TC001_VerifyImagesForDefaultCarouselBlock">
        <test-method status="PASS" signature="beforeMethod(java.lang.reflect.Method)[pri:0, instance:tests.TC001_VerifyImagesForDefaultCarouselBlock@76c7beb3]" name="beforeMethod" is-config="true" duration-ms="26061" started-at="2018-05-08T18:03:53Z" finished-at="2018-05-08T18:04:19Z">
          <params>
            <param index="0">
              <value>
                <![CDATA[public void tests.TC001_VerifyImagesForDefaultCarouselBlock.VerifyAllCarouselImagesAreVisibleForDefaultCarousel() throws java.lang.InterruptedException]]>
              </value>
            </param>
          </params>
          <reporter-output>
          </reporter-output>
        </test-method> <!-- beforeMethod -->
        <test-method status="PASS" signature="VerifyAllCarouselImagesAreVisibleForDefaultCarousel()[pri:0, instance:tests.TC001_VerifyImagesForDefaultCarouselBlock@76c7beb3]" name="VerifyAllCarouselImagesAreVisibleForDefaultCarousel" duration-ms="39349" started-at="2018-05-08T18:04:20Z" finished-at="2018-05-08T18:04:59Z">
          <reporter-output>
          </reporter-output>
        </test-method> <!-- VerifyAllCarouselImagesAreVisibleForDefaultCarousel -->
      </class> <!-- tests.TC001_VerifyImagesForDefaultCarouselBlock -->
    </test> <!-- Homepage -->
    <test name="Manage Carousel Page" duration-ms="7476" started-at="2018-05-08T12:35:01Z" finished-at="2018-05-08T12:35:09Z">
      <class name="tests.TC002_VerifyManageCarouselHavingCorrespondingElements">
        <test-method status="FAIL" signature="beforeMethod(java.lang.reflect.Method)[pri:0, instance:tests.TC002_VerifyManageCarouselHavingCorrespondingElements@403132fc]" name="beforeMethod" is-config="true" duration-ms="7433" started-at="2018-05-08T18:05:01Z" finished-at="2018-05-08T18:05:09Z">
          <params>
            <param index="0">
              <value>
                <![CDATA[public void tests.TC002_VerifyManageCarouselHavingCorrespondingElements.VerifyAddCarouselLinkButtonExist() throws java.lang.InterruptedException]]>
              </value>
            </param>
          </params>
          <exception class="java.lang.NullPointerException">
            <full-stacktrace>
              <![CDATA[java.lang.NullPointerExceptionat org.openqa.selenium.support.pagefactory.DefaultElementLocator.findElement(DefaultElementLocator.java:59)at org.openqa.selenium.support.pagefactory.internal.LocatingElementHandler.invoke(LocatingElementHandler.java:34)at com.sun.proxy.$Proxy13.sendKeys(Unknown Source)at pages.Login.loginToApplication_aroundBody0(Login.java:39)at pages.Login$AjcClosure1.run(Login.java:1)at org.aspectj.runtime.reflect.JoinPointImpl.proceed(JoinPointImpl.java:149)at io.qameta.allure.aspects.StepsAspects.step(StepsAspects.java:51)at pages.Login.loginToApplication(Login.java:39)at tests.TC002_VerifyManageCarouselHavingCorrespondingElements.beforeMethod(TC002_VerifyManageCarouselHavingCorrespondingElements.java:46)at sun.reflect.NativeMethodAccessorImpl.invoke0(Native Method)at sun.reflect.NativeMethodAccessorImpl.invoke(NativeMethodAccessorImpl.java:62)at sun.reflect.DelegatingMethodAccessorImpl.invoke(DelegatingMethodAccessorImpl.java:43)at java.lang.reflect.Method.invoke(Method.java:498)at org.testng.internal.MethodInvocationHelper.invokeMethod(MethodInvocationHelper.java:124)at org.testng.internal.MethodInvocationHelper.invokeMethodConsideringTimeout(MethodInvocationHelper.java:59)at org.testng.internal.Invoker.invokeConfigurationMethod(Invoker.java:451)at org.testng.internal.Invoker.invokeConfigurations(Invoker.java:222)at org.testng.internal.Invoker.invokeMethod(Invoker.java:516)at org.testng.internal.Invoker.invokeTestMethod(Invoker.java:707)at org.testng.internal.Invoker.invokeTestMethods(Invoker.java:979)at org.testng.internal.TestMethodWorker.invokeTestMethods(TestMethodWorker.java:125)at org.testng.internal.TestMethodWorker.run(TestMethodWorker.java:109)at org.testng.TestRunner.privateRun(TestRunner.java:648)at org.testng.TestRunner.run(TestRunner.java:505)at org.testng.SuiteRunner.runTest(SuiteRunner.java:455)at org.testng.SuiteRunner.runSequentially(SuiteRunner.java:450)at org.testng.SuiteRunner.privateRun(SuiteRunner.java:415)at org.testng.SuiteRunner.run(SuiteRunner.java:364)at org.testng.SuiteRunnerWorker.runSuite(SuiteRunnerWorker.java:52)at org.testng.SuiteRunnerWorker.run(SuiteRunnerWorker.java:84)at org.testng.TestNG.runSuitesSequentially(TestNG.java:1187)at org.testng.TestNG.runSuitesLocally(TestNG.java:1116)at org.testng.TestNG.runSuites(TestNG.java:1028)at org.testng.TestNG.run(TestNG.java:996)at org.apache.maven.surefire.testng.TestNGExecutor.run(TestNGExecutor.java:283)at org.apache.maven.surefire.testng.TestNGXmlTestSuite.execute(TestNGXmlTestSuite.java:75)at org.apache.maven.surefire.testng.TestNGProvider.invoke(TestNGProvider.java:120)at org.apache.maven.surefire.booter.ForkedBooter.invokeProviderInSameClassLoader(ForkedBooter.java:386)at org.apache.maven.surefire.booter.ForkedBooter.runSuitesInProcess(ForkedBooter.java:323)at org.apache.maven.surefire.booter.ForkedBooter.main(ForkedBooter.java:143)]]>
            </full-stacktrace>
          </exception> <!-- java.lang.NullPointerException -->
          <reporter-output>
          </reporter-output>
        </test-method> <!-- beforeMethod -->
        <test-method status="SKIP" signature="VerifyAddCarouselLinkButtonExist()[pri:0, instance:tests.TC002_VerifyManageCarouselHavingCorrespondingElements@403132fc]" name="VerifyAddCarouselLinkButtonExist" duration-ms="0" started-at="2018-05-08T18:05:09Z" finished-at="2018-05-08T18:05:09Z">
          <exception class="java.lang.NullPointerException">
            <full-stacktrace>
              <![CDATA[java.lang.NullPointerExceptionat org.openqa.selenium.support.pagefactory.DefaultElementLocator.findElement(DefaultElementLocator.java:59)at org.openqa.selenium.support.pagefactory.internal.LocatingElementHandler.invoke(LocatingElementHandler.java:34)at com.sun.proxy.$Proxy13.sendKeys(Unknown Source)at pages.Login.loginToApplication_aroundBody0(Login.java:39)at pages.Login$AjcClosure1.run(Login.java:1)at org.aspectj.runtime.reflect.JoinPointImpl.proceed(JoinPointImpl.java:149)at io.qameta.allure.aspects.StepsAspects.step(StepsAspects.java:51)at pages.Login.loginToApplication(Login.java:39)at tests.TC002_VerifyManageCarouselHavingCorrespondingElements.beforeMethod(TC002_VerifyManageCarouselHavingCorrespondingElements.java:46)at sun.reflect.NativeMethodAccessorImpl.invoke0(Native Method)at sun.reflect.NativeMethodAccessorImpl.invoke(NativeMethodAccessorImpl.java:62)at sun.reflect.DelegatingMethodAccessorImpl.invoke(DelegatingMethodAccessorImpl.java:43)at java.lang.reflect.Method.invoke(Method.java:498)at org.testng.internal.MethodInvocationHelper.invokeMethod(MethodInvocationHelper.java:124)at org.testng.internal.MethodInvocationHelper.invokeMethodConsideringTimeout(MethodInvocationHelper.java:59)at org.testng.internal.Invoker.invokeConfigurationMethod(Invoker.java:451)at org.testng.internal.Invoker.invokeConfigurations(Invoker.java:222)at org.testng.internal.Invoker.invokeMethod(Invoker.java:516)at org.testng.internal.Invoker.invokeTestMethod(Invoker.java:707)at org.testng.internal.Invoker.invokeTestMethods(Invoker.java:979)at org.testng.internal.TestMethodWorker.invokeTestMethods(TestMethodWorker.java:125)at org.testng.internal.TestMethodWorker.run(TestMethodWorker.java:109)at org.testng.TestRunner.privateRun(TestRunner.java:648)at org.testng.TestRunner.run(TestRunner.java:505)at org.testng.SuiteRunner.runTest(SuiteRunner.java:455)at org.testng.SuiteRunner.runSequentially(SuiteRunner.java:450)at org.testng.SuiteRunner.privateRun(SuiteRunner.java:415)at org.testng.SuiteRunner.run(SuiteRunner.java:364)at org.testng.SuiteRunnerWorker.runSuite(SuiteRunnerWorker.java:52)at org.testng.SuiteRunnerWorker.run(SuiteRunnerWorker.java:84)at org.testng.TestNG.runSuitesSequentially(TestNG.java:1187)at org.testng.TestNG.runSuitesLocally(TestNG.java:1116)at org.testng.TestNG.runSuites(TestNG.java:1028)at org.testng.TestNG.run(TestNG.java:996)at org.apache.maven.surefire.testng.TestNGExecutor.run(TestNGExecutor.java:283)at org.apache.maven.surefire.testng.TestNGXmlTestSuite.execute(TestNGXmlTestSuite.java:75)at org.apache.maven.surefire.testng.TestNGProvider.invoke(TestNGProvider.java:120)at org.apache.maven.surefire.booter.ForkedBooter.invokeProviderInSameClassLoader(ForkedBooter.java:386)at org.apache.maven.surefire.booter.ForkedBooter.runSuitesInProcess(ForkedBooter.java:323)at org.apache.maven.surefire.booter.ForkedBooter.main(ForkedBooter.java:143)]]>
            </full-stacktrace>
          </exception> <!-- java.lang.NullPointerException -->
          <reporter-output>
          </reporter-output>
        </test-method> <!-- VerifyAddCarouselLinkButtonExist -->
        <test-method status="SKIP" signature="afterMethod(org.testng.ITestResult)[pri:0, instance:tests.TC002_VerifyManageCarouselHavingCorrespondingElements@403132fc]" name="afterMethod" is-config="true" duration-ms="0" started-at="2018-05-08T18:05:09Z" finished-at="2018-05-08T18:05:09Z">
          <reporter-output>
          </reporter-output>
        </test-method> <!-- afterMethod -->
        <test-method status="SKIP" signature="beforeMethod(java.lang.reflect.Method)[pri:0, instance:tests.TC002_VerifyManageCarouselHavingCorrespondingElements@403132fc]" name="beforeMethod" is-config="true" duration-ms="0" started-at="2018-05-08T18:05:09Z" finished-at="2018-05-08T18:05:09Z">
          <reporter-output>
          </reporter-output>
        </test-method> <!-- beforeMethod -->
        <test-method status="SKIP" signature="VerifyAllCarouselRecordsHavingCorrespondingEditDeleteBtn()[pri:0, instance:tests.TC002_VerifyManageCarouselHavingCorrespondingElements@403132fc]" name="VerifyAllCarouselRecordsHavingCorrespondingEditDeleteBtn" duration-ms="0" started-at="2018-05-08T18:05:09Z" finished-at="2018-05-08T18:05:09Z">
          <exception class="java.lang.NullPointerException">
            <full-stacktrace>
              <![CDATA[java.lang.NullPointerExceptionat org.openqa.selenium.support.pagefactory.DefaultElementLocator.findElement(DefaultElementLocator.java:59)at org.openqa.selenium.support.pagefactory.internal.LocatingElementHandler.invoke(LocatingElementHandler.java:34)at com.sun.proxy.$Proxy13.sendKeys(Unknown Source)at pages.Login.loginToApplication_aroundBody0(Login.java:39)at pages.Login$AjcClosure1.run(Login.java:1)at org.aspectj.runtime.reflect.JoinPointImpl.proceed(JoinPointImpl.java:149)at io.qameta.allure.aspects.StepsAspects.step(StepsAspects.java:51)at pages.Login.loginToApplication(Login.java:39)at tests.TC002_VerifyManageCarouselHavingCorrespondingElements.beforeMethod(TC002_VerifyManageCarouselHavingCorrespondingElements.java:46)at sun.reflect.NativeMethodAccessorImpl.invoke0(Native Method)at sun.reflect.NativeMethodAccessorImpl.invoke(NativeMethodAccessorImpl.java:62)at sun.reflect.DelegatingMethodAccessorImpl.invoke(DelegatingMethodAccessorImpl.java:43)at java.lang.reflect.Method.invoke(Method.java:498)at org.testng.internal.MethodInvocationHelper.invokeMethod(MethodInvocationHelper.java:124)at org.testng.internal.MethodInvocationHelper.invokeMethodConsideringTimeout(MethodInvocationHelper.java:59)at org.testng.internal.Invoker.invokeConfigurationMethod(Invoker.java:451)at org.testng.internal.Invoker.invokeConfigurations(Invoker.java:222)at org.testng.internal.Invoker.invokeMethod(Invoker.java:516)at org.testng.internal.Invoker.invokeTestMethod(Invoker.java:707)at org.testng.internal.Invoker.invokeTestMethods(Invoker.java:979)at org.testng.internal.TestMethodWorker.invokeTestMethods(TestMethodWorker.java:125)at org.testng.internal.TestMethodWorker.run(TestMethodWorker.java:109)at org.testng.TestRunner.privateRun(TestRunner.java:648)at org.testng.TestRunner.run(TestRunner.java:505)at org.testng.SuiteRunner.runTest(SuiteRunner.java:455)at org.testng.SuiteRunner.runSequentially(SuiteRunner.java:450)at org.testng.SuiteRunner.privateRun(SuiteRunner.java:415)at org.testng.SuiteRunner.run(SuiteRunner.java:364)at org.testng.SuiteRunnerWorker.runSuite(SuiteRunnerWorker.java:52)at org.testng.SuiteRunnerWorker.run(SuiteRunnerWorker.java:84)at org.testng.TestNG.runSuitesSequentially(TestNG.java:1187)at org.testng.TestNG.runSuitesLocally(TestNG.java:1116)at org.testng.TestNG.runSuites(TestNG.java:1028)at org.testng.TestNG.run(TestNG.java:996)at org.apache.maven.surefire.testng.TestNGExecutor.run(TestNGExecutor.java:283)at org.apache.maven.surefire.testng.TestNGXmlTestSuite.execute(TestNGXmlTestSuite.java:75)at org.apache.maven.surefire.testng.TestNGProvider.invoke(TestNGProvider.java:120)at org.apache.maven.surefire.booter.ForkedBooter.invokeProviderInSameClassLoader(ForkedBooter.java:386)at org.apache.maven.surefire.booter.ForkedBooter.runSuitesInProcess(ForkedBooter.java:323)at org.apache.maven.surefire.booter.ForkedBooter.main(ForkedBooter.java:143)]]>
            </full-stacktrace>
          </exception> <!-- java.lang.NullPointerException -->
          <reporter-output>
          </reporter-output>
        </test-method> <!-- VerifyAllCarouselRecordsHavingCorrespondingEditDeleteBtn -->
        <test-method status="SKIP" signature="afterMethod(org.testng.ITestResult)[pri:0, instance:tests.TC002_VerifyManageCarouselHavingCorrespondingElements@403132fc]" name="afterMethod" is-config="true" duration-ms="0" started-at="2018-05-08T18:05:09Z" finished-at="2018-05-08T18:05:09Z">
          <reporter-output>
          </reporter-output>
        </test-method> <!-- afterMethod -->
      </class> <!-- tests.TC002_VerifyManageCarouselHavingCorrespondingElements -->
    </test> <!-- Manage Carousel Page -->
    <test name="Add/Edit Carousel Page" duration-ms="26279" started-at="2018-05-08T12:35:09Z" finished-at="2018-05-08T12:35:35Z">
      <class name="tests.TC004_VerifyAddEditCarouselElements">
        <test-method status="FAIL" signature="beforeMethod(java.lang.reflect.Method)[pri:0, instance:tests.TC004_VerifyAddEditCarouselElements@15a902e7]" name="beforeMethod" is-config="true" duration-ms="7610" started-at="2018-05-08T18:05:17Z" finished-at="2018-05-08T18:05:25Z">
          <params>
            <param index="0">
              <value>
                <![CDATA[public void tests.TC004_VerifyAddEditCarouselElements.VerifyElementsWhileAddingNewCarousel() throws java.lang.InterruptedException]]>
              </value>
            </param>
          </params>
          <exception class="java.lang.NullPointerException">
            <full-stacktrace>
              <![CDATA[java.lang.NullPointerExceptionat org.openqa.selenium.support.pagefactory.DefaultElementLocator.findElement(DefaultElementLocator.java:59)at org.openqa.selenium.support.pagefactory.internal.LocatingElementHandler.invoke(LocatingElementHandler.java:34)at com.sun.proxy.$Proxy13.sendKeys(Unknown Source)at pages.Login.loginToApplication_aroundBody0(Login.java:39)at pages.Login$AjcClosure1.run(Login.java:1)at org.aspectj.runtime.reflect.JoinPointImpl.proceed(JoinPointImpl.java:149)at io.qameta.allure.aspects.StepsAspects.step(StepsAspects.java:51)at pages.Login.loginToApplication(Login.java:39)at tests.TC004_VerifyAddEditCarouselElements.beforeMethod(TC004_VerifyAddEditCarouselElements.java:48)at sun.reflect.NativeMethodAccessorImpl.invoke0(Native Method)at sun.reflect.NativeMethodAccessorImpl.invoke(NativeMethodAccessorImpl.java:62)at sun.reflect.DelegatingMethodAccessorImpl.invoke(DelegatingMethodAccessorImpl.java:43)at java.lang.reflect.Method.invoke(Method.java:498)at org.testng.internal.MethodInvocationHelper.invokeMethod(MethodInvocationHelper.java:124)at org.testng.internal.MethodInvocationHelper.invokeMethodConsideringTimeout(MethodInvocationHelper.java:59)at org.testng.internal.Invoker.invokeConfigurationMethod(Invoker.java:451)at org.testng.internal.Invoker.invokeConfigurations(Invoker.java:222)at org.testng.internal.Invoker.invokeMethod(Invoker.java:516)at org.testng.internal.Invoker.invokeTestMethod(Invoker.java:707)at org.testng.internal.Invoker.invokeTestMethods(Invoker.java:979)at org.testng.internal.TestMethodWorker.invokeTestMethods(TestMethodWorker.java:125)at org.testng.internal.TestMethodWorker.run(TestMethodWorker.java:109)at org.testng.TestRunner.privateRun(TestRunner.java:648)at org.testng.TestRunner.run(TestRunner.java:505)at org.testng.SuiteRunner.runTest(SuiteRunner.java:455)at org.testng.SuiteRunner.runSequentially(SuiteRunner.java:450)at org.testng.SuiteRunner.privateRun(SuiteRunner.java:415)at org.testng.SuiteRunner.run(SuiteRunner.java:364)at org.testng.SuiteRunnerWorker.runSuite(SuiteRunnerWorker.java:52)at org.testng.SuiteRunnerWorker.run(SuiteRunnerWorker.java:84)at org.testng.TestNG.runSuitesSequentially(TestNG.java:1187)at org.testng.TestNG.runSuitesLocally(TestNG.java:1116)at org.testng.TestNG.runSuites(TestNG.java:1028)at org.testng.TestNG.run(TestNG.java:996)at org.apache.maven.surefire.testng.TestNGExecutor.run(TestNGExecutor.java:283)at org.apache.maven.surefire.testng.TestNGXmlTestSuite.execute(TestNGXmlTestSuite.java:75)at org.apache.maven.surefire.testng.TestNGProvider.invoke(TestNGProvider.java:120)at org.apache.maven.surefire.booter.ForkedBooter.invokeProviderInSameClassLoader(ForkedBooter.java:386)at org.apache.maven.surefire.booter.ForkedBooter.runSuitesInProcess(ForkedBooter.java:323)at org.apache.maven.surefire.booter.ForkedBooter.main(ForkedBooter.java:143)]]>
            </full-stacktrace>
          </exception> <!-- java.lang.NullPointerException -->
          <reporter-output>
          </reporter-output>
        </test-method> <!-- beforeMethod -->
        <test-method status="SKIP" signature="VerifyElementsWhileAddingNewCarousel()[pri:0, instance:tests.TC004_VerifyAddEditCarouselElements@15a902e7]" name="VerifyElementsWhileAddingNewCarousel" duration-ms="0" started-at="2018-05-08T18:05:25Z" finished-at="2018-05-08T18:05:25Z">
          <exception class="java.lang.NullPointerException">
            <full-stacktrace>
              <![CDATA[java.lang.NullPointerExceptionat org.openqa.selenium.support.pagefactory.DefaultElementLocator.findElement(DefaultElementLocator.java:59)at org.openqa.selenium.support.pagefactory.internal.LocatingElementHandler.invoke(LocatingElementHandler.java:34)at com.sun.proxy.$Proxy13.sendKeys(Unknown Source)at pages.Login.loginToApplication_aroundBody0(Login.java:39)at pages.Login$AjcClosure1.run(Login.java:1)at org.aspectj.runtime.reflect.JoinPointImpl.proceed(JoinPointImpl.java:149)at io.qameta.allure.aspects.StepsAspects.step(StepsAspects.java:51)at pages.Login.loginToApplication(Login.java:39)at tests.TC004_VerifyAddEditCarouselElements.beforeMethod(TC004_VerifyAddEditCarouselElements.java:48)at sun.reflect.NativeMethodAccessorImpl.invoke0(Native Method)at sun.reflect.NativeMethodAccessorImpl.invoke(NativeMethodAccessorImpl.java:62)at sun.reflect.DelegatingMethodAccessorImpl.invoke(DelegatingMethodAccessorImpl.java:43)at java.lang.reflect.Method.invoke(Method.java:498)at org.testng.internal.MethodInvocationHelper.invokeMethod(MethodInvocationHelper.java:124)at org.testng.internal.MethodInvocationHelper.invokeMethodConsideringTimeout(MethodInvocationHelper.java:59)at org.testng.internal.Invoker.invokeConfigurationMethod(Invoker.java:451)at org.testng.internal.Invoker.invokeConfigurations(Invoker.java:222)at org.testng.internal.Invoker.invokeMethod(Invoker.java:516)at org.testng.internal.Invoker.invokeTestMethod(Invoker.java:707)at org.testng.internal.Invoker.invokeTestMethods(Invoker.java:979)at org.testng.internal.TestMethodWorker.invokeTestMethods(TestMethodWorker.java:125)at org.testng.internal.TestMethodWorker.run(TestMethodWorker.java:109)at org.testng.TestRunner.privateRun(TestRunner.java:648)at org.testng.TestRunner.run(TestRunner.java:505)at org.testng.SuiteRunner.runTest(SuiteRunner.java:455)at org.testng.SuiteRunner.runSequentially(SuiteRunner.java:450)at org.testng.SuiteRunner.privateRun(SuiteRunner.java:415)at org.testng.SuiteRunner.run(SuiteRunner.java:364)at org.testng.SuiteRunnerWorker.runSuite(SuiteRunnerWorker.java:52)at org.testng.SuiteRunnerWorker.run(SuiteRunnerWorker.java:84)at org.testng.TestNG.runSuitesSequentially(TestNG.java:1187)at org.testng.TestNG.runSuitesLocally(TestNG.java:1116)at org.testng.TestNG.runSuites(TestNG.java:1028)at org.testng.TestNG.run(TestNG.java:996)at org.apache.maven.surefire.testng.TestNGExecutor.run(TestNGExecutor.java:283)at org.apache.maven.surefire.testng.TestNGXmlTestSuite.execute(TestNGXmlTestSuite.java:75)at org.apache.maven.surefire.testng.TestNGProvider.invoke(TestNGProvider.java:120)at org.apache.maven.surefire.booter.ForkedBooter.invokeProviderInSameClassLoader(ForkedBooter.java:386)at org.apache.maven.surefire.booter.ForkedBooter.runSuitesInProcess(ForkedBooter.java:323)at org.apache.maven.surefire.booter.ForkedBooter.main(ForkedBooter.java:143)]]>
            </full-stacktrace>
          </exception> <!-- java.lang.NullPointerException -->
          <reporter-output>
          </reporter-output>
        </test-method> <!-- VerifyElementsWhileAddingNewCarousel -->
        <test-method status="SKIP" signature="afterMethod(org.testng.ITestResult)[pri:0, instance:tests.TC004_VerifyAddEditCarouselElements@15a902e7]" name="afterMethod" is-config="true" duration-ms="0" started-at="2018-05-08T18:05:25Z" finished-at="2018-05-08T18:05:25Z">
          <reporter-output>
          </reporter-output>
        </test-method> <!-- afterMethod -->
        <test-method status="SKIP" signature="VerifyElementsWhileEditingExistingCarousel()[pri:1, instance:tests.TC004_VerifyAddEditCarouselElements@15a902e7]" name="VerifyElementsWhileEditingExistingCarousel" duration-ms="0" started-at="2018-05-08T18:05:35Z" finished-at="2018-05-08T18:05:35Z">
          <exception class="java.lang.NullPointerException">
            <full-stacktrace>
              <![CDATA[java.lang.NullPointerExceptionat org.openqa.selenium.support.pagefactory.DefaultElementLocator.findElement(DefaultElementLocator.java:59)at org.openqa.selenium.support.pagefactory.internal.LocatingElementHandler.invoke(LocatingElementHandler.java:34)at com.sun.proxy.$Proxy13.sendKeys(Unknown Source)at pages.Login.loginToApplication_aroundBody0(Login.java:39)at pages.Login$AjcClosure1.run(Login.java:1)at org.aspectj.runtime.reflect.JoinPointImpl.proceed(JoinPointImpl.java:149)at io.qameta.allure.aspects.StepsAspects.step(StepsAspects.java:51)at pages.Login.loginToApplication(Login.java:39)at tests.TC004_VerifyAddEditCarouselElements.beforeMethod(TC004_VerifyAddEditCarouselElements.java:48)at sun.reflect.NativeMethodAccessorImpl.invoke0(Native Method)at sun.reflect.NativeMethodAccessorImpl.invoke(NativeMethodAccessorImpl.java:62)at sun.reflect.DelegatingMethodAccessorImpl.invoke(DelegatingMethodAccessorImpl.java:43)at java.lang.reflect.Method.invoke(Method.java:498)at org.testng.internal.MethodInvocationHelper.invokeMethod(MethodInvocationHelper.java:124)at org.testng.internal.MethodInvocationHelper.invokeMethodConsideringTimeout(MethodInvocationHelper.java:59)at org.testng.internal.Invoker.invokeConfigurationMethod(Invoker.java:451)at org.testng.internal.Invoker.invokeConfigurations(Invoker.java:222)at org.testng.internal.Invoker.invokeMethod(Invoker.java:516)at org.testng.internal.Invoker.invokeTestMethod(Invoker.java:707)at org.testng.internal.Invoker.invokeTestMethods(Invoker.java:979)at org.testng.internal.TestMethodWorker.invokeTestMethods(TestMethodWorker.java:125)at org.testng.internal.TestMethodWorker.run(TestMethodWorker.java:109)at org.testng.TestRunner.privateRun(TestRunner.java:648)at org.testng.TestRunner.run(TestRunner.java:505)at org.testng.SuiteRunner.runTest(SuiteRunner.java:455)at org.testng.SuiteRunner.runSequentially(SuiteRunner.java:450)at org.testng.SuiteRunner.privateRun(SuiteRunner.java:415)at org.testng.SuiteRunner.run(SuiteRunner.java:364)at org.testng.SuiteRunnerWorker.runSuite(SuiteRunnerWorker.java:52)at org.testng.SuiteRunnerWorker.run(SuiteRunnerWorker.java:84)at org.testng.TestNG.runSuitesSequentially(TestNG.java:1187)at org.testng.TestNG.runSuitesLocally(TestNG.java:1116)at org.testng.TestNG.runSuites(TestNG.java:1028)at org.testng.TestNG.run(TestNG.java:996)at org.apache.maven.surefire.testng.TestNGExecutor.run(TestNGExecutor.java:283)at org.apache.maven.surefire.testng.TestNGXmlTestSuite.execute(TestNGXmlTestSuite.java:75)at org.apache.maven.surefire.testng.TestNGProvider.invoke(TestNGProvider.java:120)at org.apache.maven.surefire.booter.ForkedBooter.invokeProviderInSameClassLoader(ForkedBooter.java:386)at org.apache.maven.surefire.booter.ForkedBooter.runSuitesInProcess(ForkedBooter.java:323)at org.apache.maven.surefire.booter.ForkedBooter.main(ForkedBooter.java:143)]]>
            </full-stacktrace>
          </exception> <!-- java.lang.NullPointerException -->
          <reporter-output>
          </reporter-output>
        </test-method> <!-- VerifyElementsWhileEditingExistingCarousel -->
        <test-method status="SKIP" signature="beforeMethod(java.lang.reflect.Method)[pri:0, instance:tests.TC004_VerifyAddEditCarouselElements@15a902e7]" name="beforeMethod" is-config="true" duration-ms="0" started-at="2018-05-08T18:05:35Z" finished-at="2018-05-08T18:05:35Z">
          <reporter-output>
          </reporter-output>
        </test-method> <!-- beforeMethod -->
        <test-method status="SKIP" signature="afterMethod(org.testng.ITestResult)[pri:0, instance:tests.TC004_VerifyAddEditCarouselElements@15a902e7]" name="afterMethod" is-config="true" duration-ms="0" started-at="2018-05-08T18:05:35Z" finished-at="2018-05-08T18:05:35Z">
          <reporter-output>
          </reporter-output>
        </test-method> <!-- afterMethod -->
      </class> <!-- tests.TC004_VerifyAddEditCarouselElements -->
      <class name="tests.TC003_VerifyAddNewCarouselAndHavingRequiredElements">
        <test-method status="FAIL" signature="beforeMethod(java.lang.reflect.Method)[pri:0, instance:tests.TC003_VerifyAddNewCarouselAndHavingRequiredElements@5118388b]" name="beforeMethod" is-config="true" duration-ms="8789" started-at="2018-05-08T18:05:09Z" finished-at="2018-05-08T18:05:17Z">
          <params>
            <param index="0">
              <value>
                <![CDATA[public void tests.TC003_VerifyAddNewCarouselAndHavingRequiredElements.VerifyAbleToRouteToAddNewCarouselHavingSomeFields() throws java.lang.InterruptedException]]>
              </value>
            </param>
          </params>
          <exception class="java.lang.NullPointerException">
            <full-stacktrace>
              <![CDATA[java.lang.NullPointerExceptionat org.openqa.selenium.support.pagefactory.DefaultElementLocator.findElement(DefaultElementLocator.java:59)at org.openqa.selenium.support.pagefactory.internal.LocatingElementHandler.invoke(LocatingElementHandler.java:34)at com.sun.proxy.$Proxy13.sendKeys(Unknown Source)at pages.Login.loginToApplication_aroundBody0(Login.java:39)at pages.Login$AjcClosure1.run(Login.java:1)at org.aspectj.runtime.reflect.JoinPointImpl.proceed(JoinPointImpl.java:149)at io.qameta.allure.aspects.StepsAspects.step(StepsAspects.java:51)at pages.Login.loginToApplication(Login.java:39)at tests.TC003_VerifyAddNewCarouselAndHavingRequiredElements.beforeMethod(TC003_VerifyAddNewCarouselAndHavingRequiredElements.java:48)at sun.reflect.NativeMethodAccessorImpl.invoke0(Native Method)at sun.reflect.NativeMethodAccessorImpl.invoke(NativeMethodAccessorImpl.java:62)at sun.reflect.DelegatingMethodAccessorImpl.invoke(DelegatingMethodAccessorImpl.java:43)at java.lang.reflect.Method.invoke(Method.java:498)at org.testng.internal.MethodInvocationHelper.invokeMethod(MethodInvocationHelper.java:124)at org.testng.internal.MethodInvocationHelper.invokeMethodConsideringTimeout(MethodInvocationHelper.java:59)at org.testng.internal.Invoker.invokeConfigurationMethod(Invoker.java:451)at org.testng.internal.Invoker.invokeConfigurations(Invoker.java:222)at org.testng.internal.Invoker.invokeMethod(Invoker.java:516)at org.testng.internal.Invoker.invokeTestMethod(Invoker.java:707)at org.testng.internal.Invoker.invokeTestMethods(Invoker.java:979)at org.testng.internal.TestMethodWorker.invokeTestMethods(TestMethodWorker.java:125)at org.testng.internal.TestMethodWorker.run(TestMethodWorker.java:109)at org.testng.TestRunner.privateRun(TestRunner.java:648)at org.testng.TestRunner.run(TestRunner.java:505)at org.testng.SuiteRunner.runTest(SuiteRunner.java:455)at org.testng.SuiteRunner.runSequentially(SuiteRunner.java:450)at org.testng.SuiteRunner.privateRun(SuiteRunner.java:415)at org.testng.SuiteRunner.run(SuiteRunner.java:364)at org.testng.SuiteRunnerWorker.runSuite(SuiteRunnerWorker.java:52)at org.testng.SuiteRunnerWorker.run(SuiteRunnerWorker.java:84)at org.testng.TestNG.runSuitesSequentially(TestNG.java:1187)at org.testng.TestNG.runSuitesLocally(TestNG.java:1116)at org.testng.TestNG.runSuites(TestNG.java:1028)at org.testng.TestNG.run(TestNG.java:996)at org.apache.maven.surefire.testng.TestNGExecutor.run(TestNGExecutor.java:283)at org.apache.maven.surefire.testng.TestNGXmlTestSuite.execute(TestNGXmlTestSuite.java:75)at org.apache.maven.surefire.testng.TestNGProvider.invoke(TestNGProvider.java:120)at org.apache.maven.surefire.booter.ForkedBooter.invokeProviderInSameClassLoader(ForkedBooter.java:386)at org.apache.maven.surefire.booter.ForkedBooter.runSuitesInProcess(ForkedBooter.java:323)at org.apache.maven.surefire.booter.ForkedBooter.main(ForkedBooter.java:143)]]>
            </full-stacktrace>
          </exception> <!-- java.lang.NullPointerException -->
          <reporter-output>
          </reporter-output>
        </test-method> <!-- beforeMethod -->
        <test-method status="SKIP" signature="VerifyAbleToRouteToAddNewCarouselHavingSomeFields()[pri:0, instance:tests.TC003_VerifyAddNewCarouselAndHavingRequiredElements@5118388b]" name="VerifyAbleToRouteToAddNewCarouselHavingSomeFields" duration-ms="0" started-at="2018-05-08T18:05:17Z" finished-at="2018-05-08T18:05:17Z">
          <exception class="java.lang.NullPointerException">
            <full-stacktrace>
              <![CDATA[java.lang.NullPointerExceptionat org.openqa.selenium.support.pagefactory.DefaultElementLocator.findElement(DefaultElementLocator.java:59)at org.openqa.selenium.support.pagefactory.internal.LocatingElementHandler.invoke(LocatingElementHandler.java:34)at com.sun.proxy.$Proxy13.sendKeys(Unknown Source)at pages.Login.loginToApplication_aroundBody0(Login.java:39)at pages.Login$AjcClosure1.run(Login.java:1)at org.aspectj.runtime.reflect.JoinPointImpl.proceed(JoinPointImpl.java:149)at io.qameta.allure.aspects.StepsAspects.step(StepsAspects.java:51)at pages.Login.loginToApplication(Login.java:39)at tests.TC003_VerifyAddNewCarouselAndHavingRequiredElements.beforeMethod(TC003_VerifyAddNewCarouselAndHavingRequiredElements.java:48)at sun.reflect.NativeMethodAccessorImpl.invoke0(Native Method)at sun.reflect.NativeMethodAccessorImpl.invoke(NativeMethodAccessorImpl.java:62)at sun.reflect.DelegatingMethodAccessorImpl.invoke(DelegatingMethodAccessorImpl.java:43)at java.lang.reflect.Method.invoke(Method.java:498)at org.testng.internal.MethodInvocationHelper.invokeMethod(MethodInvocationHelper.java:124)at org.testng.internal.MethodInvocationHelper.invokeMethodConsideringTimeout(MethodInvocationHelper.java:59)at org.testng.internal.Invoker.invokeConfigurationMethod(Invoker.java:451)at org.testng.internal.Invoker.invokeConfigurations(Invoker.java:222)at org.testng.internal.Invoker.invokeMethod(Invoker.java:516)at org.testng.internal.Invoker.invokeTestMethod(Invoker.java:707)at org.testng.internal.Invoker.invokeTestMethods(Invoker.java:979)at org.testng.internal.TestMethodWorker.invokeTestMethods(TestMethodWorker.java:125)at org.testng.internal.TestMethodWorker.run(TestMethodWorker.java:109)at org.testng.TestRunner.privateRun(TestRunner.java:648)at org.testng.TestRunner.run(TestRunner.java:505)at org.testng.SuiteRunner.runTest(SuiteRunner.java:455)at org.testng.SuiteRunner.runSequentially(SuiteRunner.java:450)at org.testng.SuiteRunner.privateRun(SuiteRunner.java:415)at org.testng.SuiteRunner.run(SuiteRunner.java:364)at org.testng.SuiteRunnerWorker.runSuite(SuiteRunnerWorker.java:52)at org.testng.SuiteRunnerWorker.run(SuiteRunnerWorker.java:84)at org.testng.TestNG.runSuitesSequentially(TestNG.java:1187)at org.testng.TestNG.runSuitesLocally(TestNG.java:1116)at org.testng.TestNG.runSuites(TestNG.java:1028)at org.testng.TestNG.run(TestNG.java:996)at org.apache.maven.surefire.testng.TestNGExecutor.run(TestNGExecutor.java:283)at org.apache.maven.surefire.testng.TestNGXmlTestSuite.execute(TestNGXmlTestSuite.java:75)at org.apache.maven.surefire.testng.TestNGProvider.invoke(TestNGProvider.java:120)at org.apache.maven.surefire.booter.ForkedBooter.invokeProviderInSameClassLoader(ForkedBooter.java:386)at org.apache.maven.surefire.booter.ForkedBooter.runSuitesInProcess(ForkedBooter.java:323)at org.apache.maven.surefire.booter.ForkedBooter.main(ForkedBooter.java:143)]]>
            </full-stacktrace>
          </exception> <!-- java.lang.NullPointerException -->
          <reporter-output>
          </reporter-output>
        </test-method> <!-- VerifyAbleToRouteToAddNewCarouselHavingSomeFields -->
        <test-method status="SKIP" signature="afterMethod(org.testng.ITestResult)[pri:0, instance:tests.TC003_VerifyAddNewCarouselAndHavingRequiredElements@5118388b]" name="afterMethod" is-config="true" duration-ms="0" started-at="2018-05-08T18:05:17Z" finished-at="2018-05-08T18:05:17Z">
          <reporter-output>
          </reporter-output>
        </test-method> <!-- afterMethod -->
      </class> <!-- tests.TC003_VerifyAddNewCarouselAndHavingRequiredElements -->
      <class name="tests.TC005_VerifyAddEditDeleteCarouselFeature">
        <test-method status="FAIL" signature="beforeMethod(java.lang.reflect.Method)[pri:0, instance:tests.TC005_VerifyAddEditDeleteCarouselFeature@7876d598]" name="beforeMethod" is-config="true" duration-ms="9827" started-at="2018-05-08T18:05:25Z" finished-at="2018-05-08T18:05:35Z">
          <params>
            <param index="0">
              <value>
                <![CDATA[public void tests.TC005_VerifyAddEditDeleteCarouselFeature.VerifyAbleToAddNewCarouselInTheSystem() throws java.lang.InterruptedException,java.io.IOException]]>
              </value>
            </param>
          </params>
          <exception class="java.lang.NullPointerException">
            <full-stacktrace>
              <![CDATA[java.lang.NullPointerExceptionat org.openqa.selenium.support.pagefactory.DefaultElementLocator.findElement(DefaultElementLocator.java:59)at org.openqa.selenium.support.pagefactory.internal.LocatingElementHandler.invoke(LocatingElementHandler.java:34)at com.sun.proxy.$Proxy13.sendKeys(Unknown Source)at pages.Login.loginToApplication_aroundBody0(Login.java:39)at pages.Login$AjcClosure1.run(Login.java:1)at org.aspectj.runtime.reflect.JoinPointImpl.proceed(JoinPointImpl.java:149)at io.qameta.allure.aspects.StepsAspects.step(StepsAspects.java:51)at pages.Login.loginToApplication(Login.java:39)at tests.TC005_VerifyAddEditDeleteCarouselFeature.beforeMethod(TC005_VerifyAddEditDeleteCarouselFeature.java:50)at sun.reflect.NativeMethodAccessorImpl.invoke0(Native Method)at sun.reflect.NativeMethodAccessorImpl.invoke(NativeMethodAccessorImpl.java:62)at sun.reflect.DelegatingMethodAccessorImpl.invoke(DelegatingMethodAccessorImpl.java:43)at java.lang.reflect.Method.invoke(Method.java:498)at org.testng.internal.MethodInvocationHelper.invokeMethod(MethodInvocationHelper.java:124)at org.testng.internal.MethodInvocationHelper.invokeMethodConsideringTimeout(MethodInvocationHelper.java:59)at org.testng.internal.Invoker.invokeConfigurationMethod(Invoker.java:451)at org.testng.internal.Invoker.invokeConfigurations(Invoker.java:222)at org.testng.internal.Invoker.invokeMethod(Invoker.java:516)at org.testng.internal.Invoker.invokeTestMethod(Invoker.java:707)at org.testng.internal.Invoker.invokeTestMethods(Invoker.java:979)at org.testng.internal.TestMethodWorker.invokeTestMethods(TestMethodWorker.java:125)at org.testng.internal.TestMethodWorker.run(TestMethodWorker.java:109)at org.testng.TestRunner.privateRun(TestRunner.java:648)at org.testng.TestRunner.run(TestRunner.java:505)at org.testng.SuiteRunner.runTest(SuiteRunner.java:455)at org.testng.SuiteRunner.runSequentially(SuiteRunner.java:450)at org.testng.SuiteRunner.privateRun(SuiteRunner.java:415)at org.testng.SuiteRunner.run(SuiteRunner.java:364)at org.testng.SuiteRunnerWorker.runSuite(SuiteRunnerWorker.java:52)at org.testng.SuiteRunnerWorker.run(SuiteRunnerWorker.java:84)at org.testng.TestNG.runSuitesSequentially(TestNG.java:1187)at org.testng.TestNG.runSuitesLocally(TestNG.java:1116)at org.testng.TestNG.runSuites(TestNG.java:1028)at org.testng.TestNG.run(TestNG.java:996)at org.apache.maven.surefire.testng.TestNGExecutor.run(TestNGExecutor.java:283)at org.apache.maven.surefire.testng.TestNGXmlTestSuite.execute(TestNGXmlTestSuite.java:75)at org.apache.maven.surefire.testng.TestNGProvider.invoke(TestNGProvider.java:120)at org.apache.maven.surefire.booter.ForkedBooter.invokeProviderInSameClassLoader(ForkedBooter.java:386)at org.apache.maven.surefire.booter.ForkedBooter.runSuitesInProcess(ForkedBooter.java:323)at org.apache.maven.surefire.booter.ForkedBooter.main(ForkedBooter.java:143)]]>
            </full-stacktrace>
          </exception> <!-- java.lang.NullPointerException -->
          <reporter-output>
          </reporter-output>
        </test-method> <!-- beforeMethod -->
        <test-method status="SKIP" signature="VerifyAbleToAddNewCarouselInTheSystem()[pri:0, instance:tests.TC005_VerifyAddEditDeleteCarouselFeature@7876d598]" name="VerifyAbleToAddNewCarouselInTheSystem" duration-ms="0" started-at="2018-05-08T18:05:35Z" finished-at="2018-05-08T18:05:35Z">
          <exception class="java.lang.NullPointerException">
            <full-stacktrace>
              <![CDATA[java.lang.NullPointerExceptionat org.openqa.selenium.support.pagefactory.DefaultElementLocator.findElement(DefaultElementLocator.java:59)at org.openqa.selenium.support.pagefactory.internal.LocatingElementHandler.invoke(LocatingElementHandler.java:34)at com.sun.proxy.$Proxy13.sendKeys(Unknown Source)at pages.Login.loginToApplication_aroundBody0(Login.java:39)at pages.Login$AjcClosure1.run(Login.java:1)at org.aspectj.runtime.reflect.JoinPointImpl.proceed(JoinPointImpl.java:149)at io.qameta.allure.aspects.StepsAspects.step(StepsAspects.java:51)at pages.Login.loginToApplication(Login.java:39)at tests.TC005_VerifyAddEditDeleteCarouselFeature.beforeMethod(TC005_VerifyAddEditDeleteCarouselFeature.java:50)at sun.reflect.NativeMethodAccessorImpl.invoke0(Native Method)at sun.reflect.NativeMethodAccessorImpl.invoke(NativeMethodAccessorImpl.java:62)at sun.reflect.DelegatingMethodAccessorImpl.invoke(DelegatingMethodAccessorImpl.java:43)at java.lang.reflect.Method.invoke(Method.java:498)at org.testng.internal.MethodInvocationHelper.invokeMethod(MethodInvocationHelper.java:124)at org.testng.internal.MethodInvocationHelper.invokeMethodConsideringTimeout(MethodInvocationHelper.java:59)at org.testng.internal.Invoker.invokeConfigurationMethod(Invoker.java:451)at org.testng.internal.Invoker.invokeConfigurations(Invoker.java:222)at org.testng.internal.Invoker.invokeMethod(Invoker.java:516)at org.testng.internal.Invoker.invokeTestMethod(Invoker.java:707)at org.testng.internal.Invoker.invokeTestMethods(Invoker.java:979)at org.testng.internal.TestMethodWorker.invokeTestMethods(TestMethodWorker.java:125)at org.testng.internal.TestMethodWorker.run(TestMethodWorker.java:109)at org.testng.TestRunner.privateRun(TestRunner.java:648)at org.testng.TestRunner.run(TestRunner.java:505)at org.testng.SuiteRunner.runTest(SuiteRunner.java:455)at org.testng.SuiteRunner.runSequentially(SuiteRunner.java:450)at org.testng.SuiteRunner.privateRun(SuiteRunner.java:415)at org.testng.SuiteRunner.run(SuiteRunner.java:364)at org.testng.SuiteRunnerWorker.runSuite(SuiteRunnerWorker.java:52)at org.testng.SuiteRunnerWorker.run(SuiteRunnerWorker.java:84)at org.testng.TestNG.runSuitesSequentially(TestNG.java:1187)at org.testng.TestNG.runSuitesLocally(TestNG.java:1116)at org.testng.TestNG.runSuites(TestNG.java:1028)at org.testng.TestNG.run(TestNG.java:996)at org.apache.maven.surefire.testng.TestNGExecutor.run(TestNGExecutor.java:283)at org.apache.maven.surefire.testng.TestNGXmlTestSuite.execute(TestNGXmlTestSuite.java:75)at org.apache.maven.surefire.testng.TestNGProvider.invoke(TestNGProvider.java:120)at org.apache.maven.surefire.booter.ForkedBooter.invokeProviderInSameClassLoader(ForkedBooter.java:386)at org.apache.maven.surefire.booter.ForkedBooter.runSuitesInProcess(ForkedBooter.java:323)at org.apache.maven.surefire.booter.ForkedBooter.main(ForkedBooter.java:143)]]>
            </full-stacktrace>
          </exception> <!-- java.lang.NullPointerException -->
          <reporter-output>
          </reporter-output>
        </test-method> <!-- VerifyAbleToAddNewCarouselInTheSystem -->
        <test-method status="SKIP" signature="afterMethod(org.testng.ITestResult)[pri:0, instance:tests.TC005_VerifyAddEditDeleteCarouselFeature@7876d598]" name="afterMethod" is-config="true" duration-ms="0" started-at="2018-05-08T18:05:35Z" finished-at="2018-05-08T18:05:35Z">
          <reporter-output>
          </reporter-output>
        </test-method> <!-- afterMethod -->
        <test-method status="SKIP" signature="VerifyIsAbleToEditNewlyAddedCarousel()[pri:1, instance:tests.TC005_VerifyAddEditDeleteCarouselFeature@7876d598]" name="VerifyIsAbleToEditNewlyAddedCarousel" duration-ms="0" started-at="2018-05-08T18:05:35Z" finished-at="2018-05-08T18:05:35Z">
          <exception class="java.lang.NullPointerException">
            <full-stacktrace>
              <![CDATA[java.lang.NullPointerExceptionat org.openqa.selenium.support.pagefactory.DefaultElementLocator.findElement(DefaultElementLocator.java:59)at org.openqa.selenium.support.pagefactory.internal.LocatingElementHandler.invoke(LocatingElementHandler.java:34)at com.sun.proxy.$Proxy13.sendKeys(Unknown Source)at pages.Login.loginToApplication_aroundBody0(Login.java:39)at pages.Login$AjcClosure1.run(Login.java:1)at org.aspectj.runtime.reflect.JoinPointImpl.proceed(JoinPointImpl.java:149)at io.qameta.allure.aspects.StepsAspects.step(StepsAspects.java:51)at pages.Login.loginToApplication(Login.java:39)at tests.TC005_VerifyAddEditDeleteCarouselFeature.beforeMethod(TC005_VerifyAddEditDeleteCarouselFeature.java:50)at sun.reflect.NativeMethodAccessorImpl.invoke0(Native Method)at sun.reflect.NativeMethodAccessorImpl.invoke(NativeMethodAccessorImpl.java:62)at sun.reflect.DelegatingMethodAccessorImpl.invoke(DelegatingMethodAccessorImpl.java:43)at java.lang.reflect.Method.invoke(Method.java:498)at org.testng.internal.MethodInvocationHelper.invokeMethod(MethodInvocationHelper.java:124)at org.testng.internal.MethodInvocationHelper.invokeMethodConsideringTimeout(MethodInvocationHelper.java:59)at org.testng.internal.Invoker.invokeConfigurationMethod(Invoker.java:451)at org.testng.internal.Invoker.invokeConfigurations(Invoker.java:222)at org.testng.internal.Invoker.invokeMethod(Invoker.java:516)at org.testng.internal.Invoker.invokeTestMethod(Invoker.java:707)at org.testng.internal.Invoker.invokeTestMethods(Invoker.java:979)at org.testng.internal.TestMethodWorker.invokeTestMethods(TestMethodWorker.java:125)at org.testng.internal.TestMethodWorker.run(TestMethodWorker.java:109)at org.testng.TestRunner.privateRun(TestRunner.java:648)at org.testng.TestRunner.run(TestRunner.java:505)at org.testng.SuiteRunner.runTest(SuiteRunner.java:455)at org.testng.SuiteRunner.runSequentially(SuiteRunner.java:450)at org.testng.SuiteRunner.privateRun(SuiteRunner.java:415)at org.testng.SuiteRunner.run(SuiteRunner.java:364)at org.testng.SuiteRunnerWorker.runSuite(SuiteRunnerWorker.java:52)at org.testng.SuiteRunnerWorker.run(SuiteRunnerWorker.java:84)at org.testng.TestNG.runSuitesSequentially(TestNG.java:1187)at org.testng.TestNG.runSuitesLocally(TestNG.java:1116)at org.testng.TestNG.runSuites(TestNG.java:1028)at org.testng.TestNG.run(TestNG.java:996)at org.apache.maven.surefire.testng.TestNGExecutor.run(TestNGExecutor.java:283)at org.apache.maven.surefire.testng.TestNGXmlTestSuite.execute(TestNGXmlTestSuite.java:75)at org.apache.maven.surefire.testng.TestNGProvider.invoke(TestNGProvider.java:120)at org.apache.maven.surefire.booter.ForkedBooter.invokeProviderInSameClassLoader(ForkedBooter.java:386)at org.apache.maven.surefire.booter.ForkedBooter.runSuitesInProcess(ForkedBooter.java:323)at org.apache.maven.surefire.booter.ForkedBooter.main(ForkedBooter.java:143)]]>
            </full-stacktrace>
          </exception> <!-- java.lang.NullPointerException -->
          <reporter-output>
          </reporter-output>
        </test-method> <!-- VerifyIsAbleToEditNewlyAddedCarousel -->
        <test-method status="SKIP" signature="beforeMethod(java.lang.reflect.Method)[pri:0, instance:tests.TC005_VerifyAddEditDeleteCarouselFeature@7876d598]" name="beforeMethod" is-config="true" duration-ms="0" started-at="2018-05-08T18:05:35Z" finished-at="2018-05-08T18:05:35Z">
          <reporter-output>
          </reporter-output>
        </test-method> <!-- beforeMethod -->
        <test-method status="SKIP" signature="beforeMethod(java.lang.reflect.Method)[pri:0, instance:tests.TC005_VerifyAddEditDeleteCarouselFeature@7876d598]" name="beforeMethod" is-config="true" duration-ms="0" started-at="2018-05-08T18:05:35Z" finished-at="2018-05-08T18:05:35Z">
          <reporter-output>
          </reporter-output>
        </test-method> <!-- beforeMethod -->
        <test-method status="SKIP" signature="VerifyIsAbleToDeleteItemsFromAddedEditedCarousel()[pri:2, instance:tests.TC005_VerifyAddEditDeleteCarouselFeature@7876d598]" name="VerifyIsAbleToDeleteItemsFromAddedEditedCarousel" duration-ms="0" started-at="2018-05-08T18:05:35Z" finished-at="2018-05-08T18:05:35Z">
          <exception class="java.lang.NullPointerException">
            <full-stacktrace>
              <![CDATA[java.lang.NullPointerExceptionat org.openqa.selenium.support.pagefactory.DefaultElementLocator.findElement(DefaultElementLocator.java:59)at org.openqa.selenium.support.pagefactory.internal.LocatingElementHandler.invoke(LocatingElementHandler.java:34)at com.sun.proxy.$Proxy13.sendKeys(Unknown Source)at pages.Login.loginToApplication_aroundBody0(Login.java:39)at pages.Login$AjcClosure1.run(Login.java:1)at org.aspectj.runtime.reflect.JoinPointImpl.proceed(JoinPointImpl.java:149)at io.qameta.allure.aspects.StepsAspects.step(StepsAspects.java:51)at pages.Login.loginToApplication(Login.java:39)at tests.TC005_VerifyAddEditDeleteCarouselFeature.beforeMethod(TC005_VerifyAddEditDeleteCarouselFeature.java:50)at sun.reflect.NativeMethodAccessorImpl.invoke0(Native Method)at sun.reflect.NativeMethodAccessorImpl.invoke(NativeMethodAccessorImpl.java:62)at sun.reflect.DelegatingMethodAccessorImpl.invoke(DelegatingMethodAccessorImpl.java:43)at java.lang.reflect.Method.invoke(Method.java:498)at org.testng.internal.MethodInvocationHelper.invokeMethod(MethodInvocationHelper.java:124)at org.testng.internal.MethodInvocationHelper.invokeMethodConsideringTimeout(MethodInvocationHelper.java:59)at org.testng.internal.Invoker.invokeConfigurationMethod(Invoker.java:451)at org.testng.internal.Invoker.invokeConfigurations(Invoker.java:222)at org.testng.internal.Invoker.invokeMethod(Invoker.java:516)at org.testng.internal.Invoker.invokeTestMethod(Invoker.java:707)at org.testng.internal.Invoker.invokeTestMethods(Invoker.java:979)at org.testng.internal.TestMethodWorker.invokeTestMethods(TestMethodWorker.java:125)at org.testng.internal.TestMethodWorker.run(TestMethodWorker.java:109)at org.testng.TestRunner.privateRun(TestRunner.java:648)at org.testng.TestRunner.run(TestRunner.java:505)at org.testng.SuiteRunner.runTest(SuiteRunner.java:455)at org.testng.SuiteRunner.runSequentially(SuiteRunner.java:450)at org.testng.SuiteRunner.privateRun(SuiteRunner.java:415)at org.testng.SuiteRunner.run(SuiteRunner.java:364)at org.testng.SuiteRunnerWorker.runSuite(SuiteRunnerWorker.java:52)at org.testng.SuiteRunnerWorker.run(SuiteRunnerWorker.java:84)at org.testng.TestNG.runSuitesSequentially(TestNG.java:1187)at org.testng.TestNG.runSuitesLocally(TestNG.java:1116)at org.testng.TestNG.runSuites(TestNG.java:1028)at org.testng.TestNG.run(TestNG.java:996)at org.apache.maven.surefire.testng.TestNGExecutor.run(TestNGExecutor.java:283)at org.apache.maven.surefire.testng.TestNGXmlTestSuite.execute(TestNGXmlTestSuite.java:75)at org.apache.maven.surefire.testng.TestNGProvider.invoke(TestNGProvider.java:120)at org.apache.maven.surefire.booter.ForkedBooter.invokeProviderInSameClassLoader(ForkedBooter.java:386)at org.apache.maven.surefire.booter.ForkedBooter.runSuitesInProcess(ForkedBooter.java:323)at org.apache.maven.surefire.booter.ForkedBooter.main(ForkedBooter.java:143)]]>
            </full-stacktrace>
          </exception> <!-- java.lang.NullPointerException -->
          <reporter-output>
          </reporter-output>
        </test-method> <!-- VerifyIsAbleToDeleteItemsFromAddedEditedCarousel -->
        <test-method status="SKIP" signature="afterMethod(org.testng.ITestResult)[pri:0, instance:tests.TC005_VerifyAddEditDeleteCarouselFeature@7876d598]" name="afterMethod" is-config="true" duration-ms="0" started-at="2018-05-08T18:05:35Z" finished-at="2018-05-08T18:05:35Z">
          <reporter-output>
          </reporter-output>
        </test-method> <!-- afterMethod -->
        <test-method status="SKIP" signature="afterMethod(org.testng.ITestResult)[pri:0, instance:tests.TC005_VerifyAddEditDeleteCarouselFeature@7876d598]" name="afterMethod" is-config="true" duration-ms="0" started-at="2018-05-08T18:05:35Z" finished-at="2018-05-08T18:05:35Z">
          <reporter-output>
          </reporter-output>
        </test-method> <!-- afterMethod -->
      </class> <!-- tests.TC005_VerifyAddEditDeleteCarouselFeature -->
    </test> <!-- Add/Edit Carousel Page -->
  </suite> <!-- Eukleialms Leo Learning -->
</testng-results>
