<?xml version="1.0" encoding="UTF-8"?>
<testsuite xmlns:xsi="http://www.w3.org/2001/XMLSchema-instance" xsi:noNamespaceSchemaLocation="https://maven.apache.org/surefire/maven-surefire-plugin/xsd/surefire-test-report.xsd" name="TestSuite" time="105.381" tests="25" errors="0" skipped="20" failures="4">
  <properties>
[...]
</properties>
  <testcase name="VerifyAllCarouselImagesAreVisibleForDefaultCarousel" classname="tests.TC001_VerifyImagesForDefaultCarouselBlock" time="41.481"/>
  <testcase name="beforeMethod" classname="tests.TC002_VerifyManageCarouselHavingCorrespondingElements" time="48.982">
    <failure type="java.lang.NullPointerException">java.lang.NullPointerException
	at tests.TC002_VerifyManageCarouselHavingCorrespondingElements.beforeMethod(TC002_VerifyManageCarouselHavingCorrespondingElements.java:46)
</failure>
    <system-out><![CDATA[I am in onFinish method Homepage
I am in onStart method Manage Carousel Page
Executing: VerifyAddCarouselLinkButtonExist
]]></system-out>
    <system-err><![CDATA[Starting ChromeDriver 2.38.552522 (437e6fbedfa8762dec75e2c5b3ddb86763dc9dcb) on port 3920
Only local connections are allowed.
]]></system-err>
  </testcase>
  <testcase name="beforeMethod" classname="tests.TC002_VerifyManageCarouselHavingCorrespondingElements" time="0">
    <skipped/>
  </testcase>
  <testcase name="VerifyAddCarouselLinkButtonExist" classname="tests.TC002_VerifyManageCarouselHavingCorrespondingElements" time="0">
    <skipped/>
    <system-out><![CDATA[I am in onTestSkipped method VerifyAddCarouselLinkButtonExist skipped
]]></system-out>
  </testcase>
  <testcase name="afterMethod" classname="tests.TC002_VerifyManageCarouselHavingCorrespondingElements" time="0">
    <skipped/>
  </testcase>
  <testcase name="afterMethod" classname="tests.TC002_VerifyManageCarouselHavingCorrespondingElements" time="0">
    <skipped/>
  </testcase>
  <testcase name="VerifyAllCarouselRecordsHavingCorrespondingEditDeleteBtn" classname="tests.TC002_VerifyManageCarouselHavingCorrespondingElements" time="0">
    <skipped/>
    <system-out><![CDATA[I am in onTestSkipped method VerifyAllCarouselRecordsHavingCorrespondingEditDeleteBtn skipped
]]></system-out>
  </testcase>
  <testcase name="beforeMethod" classname="tests.TC003_VerifyAddNewCarouselAndHavingRequiredElements" time="57.826">
    <failure type="java.lang.NullPointerException">java.lang.NullPointerException
	at tests.TC003_VerifyAddNewCarouselAndHavingRequiredElements.beforeMethod(TC003_VerifyAddNewCarouselAndHavingRequiredElements.java:48)
</failure>
    <system-out><![CDATA[I am in onFinish method Manage Carousel Page
I am in onStart method Add/Edit Carousel Page
Executing: VerifyAbleToRouteToAddNewCarouselHavingSomeFields
]]></system-out>
    <system-err><![CDATA[Starting ChromeDriver 2.38.552522 (437e6fbedfa8762dec75e2c5b3ddb86763dc9dcb) on port 31464
Only local connections are allowed.
]]></system-err>
  </testcase>
  <testcase name="VerifyAbleToRouteToAddNewCarouselHavingSomeFields" classname="tests.TC003_VerifyAddNewCarouselAndHavingRequiredElements" time="0">
    <skipped/>
    <system-out><![CDATA[I am in onTestSkipped method VerifyAbleToRouteToAddNewCarouselHavingSomeFields skipped
]]></system-out>
  </testcase>
  <testcase name="afterMethod" classname="tests.TC003_VerifyAddNewCarouselAndHavingRequiredElements" time="0">
    <skipped/>
  </testcase>
  <testcase name="beforeMethod" classname="tests.TC004_VerifyAddEditCarouselElements" time="65.436">
    <failure type="java.lang.NullPointerException">java.lang.NullPointerException
	at tests.TC004_VerifyAddEditCarouselElements.beforeMethod(TC004_VerifyAddEditCarouselElements.java:48)
</failure>
    <system-out><![CDATA[Executing: VerifyElementsWhileAddingNewCarousel
]]></system-out>
    <system-err><![CDATA[Starting ChromeDriver 2.38.552522 (437e6fbedfa8762dec75e2c5b3ddb86763dc9dcb) on port 47396
Only local connections are allowed.
]]></system-err>
  </testcase>
  <testcase name="beforeMethod" classname="tests.TC004_VerifyAddEditCarouselElements" time="0">
    <skipped/>
  </testcase>
  <testcase name="VerifyElementsWhileAddingNewCarousel" classname="tests.TC004_VerifyAddEditCarouselElements" time="0">
    <skipped/>
    <system-out><![CDATA[I am in onTestSkipped method VerifyElementsWhileAddingNewCarousel skipped
]]></system-out>
  </testcase>
  <testcase name="afterMethod" classname="tests.TC004_VerifyAddEditCarouselElements" time="0">
    <skipped/>
  </testcase>
  <testcase name="afterMethod" classname="tests.TC004_VerifyAddEditCarouselElements" time="0">
    <skipped/>
  </testcase>
  <testcase name="beforeMethod" classname="tests.TC005_VerifyAddEditDeleteCarouselFeature" time="75.282">
    <failure type="java.lang.NullPointerException">java.lang.NullPointerException
	at tests.TC005_VerifyAddEditDeleteCarouselFeature.beforeMethod(TC005_VerifyAddEditDeleteCarouselFeature.java:50)
</failure>
    <system-out><![CDATA[Executing: VerifyAbleToAddNewCarouselInTheSystem
]]></system-out>
    <system-err><![CDATA[Starting ChromeDriver 2.38.552522 (437e6fbedfa8762dec75e2c5b3ddb86763dc9dcb) on port 29841
Only local connections are allowed.
]]></system-err>
  </testcase>
  <testcase name="beforeMethod" classname="tests.TC005_VerifyAddEditDeleteCarouselFeature" time="0">
    <skipped/>
  </testcase>
  <testcase name="beforeMethod" classname="tests.TC005_VerifyAddEditDeleteCarouselFeature" time="0">
    <skipped/>
  </testcase>
  <testcase name="VerifyAbleToAddNewCarouselInTheSystem" classname="tests.TC005_VerifyAddEditDeleteCarouselFeature" time="0">
    <skipped/>
    <system-out><![CDATA[I am in onTestSkipped method VerifyAbleToAddNewCarouselInTheSystem skipped
]]></system-out>
  </testcase>
  <testcase name="afterMethod" classname="tests.TC005_VerifyAddEditDeleteCarouselFeature" time="0">
    <skipped/>
  </testcase>
  <testcase name="afterMethod" classname="tests.TC005_VerifyAddEditDeleteCarouselFeature" time="0">
    <skipped/>
  </testcase>
  <testcase name="afterMethod" classname="tests.TC005_VerifyAddEditDeleteCarouselFeature" time="0">
    <skipped/>
  </testcase>
  <testcase name="VerifyElementsWhileEditingExistingCarousel" classname="tests.TC004_VerifyAddEditCarouselElements" time="0">
    <skipped/>
    <system-out><![CDATA[I am in onTestSkipped method VerifyElementsWhileEditingExistingCarousel skipped
]]></system-out>
  </testcase>
  <testcase name="VerifyIsAbleToEditNewlyAddedCarousel" classname="tests.TC005_VerifyAddEditDeleteCarouselFeature" time="0">
    <skipped/>
    <system-out><![CDATA[I am in onTestSkipped method VerifyIsAbleToEditNewlyAddedCarousel skipped
]]></system-out>
  </testcase>
  <testcase name="VerifyIsAbleToDeleteItemsFromAddedEditedCarousel" classname="tests.TC005_VerifyAddEditDeleteCarouselFeature" time="0">
    <skipped/>
    <system-out><![CDATA[I am in onTestSkipped method VerifyIsAbleToDeleteItemsFromAddedEditedCarousel skipped
]]></system-out>
  </testcase>
</testsuite>