<?xml version="1.0" encoding="UTF-8"?>
<testsuite xmlns:xsi="http://www.w3.org/2001/XMLSchema-instance" xsi:noNamespaceSchemaLocation="https://maven.apache.org/surefire/maven-surefire-plugin/xsd/surefire-test-report.xsd" name="TestSuite" time="105.381" tests="25" errors="0" skipped="20" failures="4">
  <properties>
    <property name="java.runtime.name" value="Java(TM) SE Runtime Environment"/>
    <property name="sun.boot.library.path" value="C:\Program Files\Java\jdk1.8.0_162\jre\bin"/>
    <property name="java.vm.version" value="25.162-b12"/>
    <property name="java.vm.vendor" value="Oracle Corporation"/>
    <property name="maven.multiModuleProjectDirectory" value="D:\Day_User\Rohit\TestProjectWithPageFactoryConcepts\Eukleialms"/>
    <property name="java.vendor.url" value="http://java.oracle.com/"/>
    <property name="path.separator" value=";"/>
    <property name="guice.disable.misplaced.annotation.check" value="true"/>
    <property name="java.vm.name" value="Java HotSpot(TM) 64-Bit Server VM"/>
    <property name="file.encoding.pkg" value="sun.io"/>
    <property name="user.script" value=""/>
    <property name="user.country" value="US"/>
    <property name="sun.java.launcher" value="SUN_STANDARD"/>
    <property name="sun.os.patch.level" value=""/>
    <property name="java.vm.specification.name" value="Java Virtual Machine Specification"/>
    <property name="user.dir" value="D:\Day_User\Rohit\TestProjectWithPageFactoryConcepts\Eukleialms"/>
    <property name="java.runtime.version" value="1.8.0_162-b12"/>
    <property name="java.awt.graphicsenv" value="sun.awt.Win32GraphicsEnvironment"/>
    <property name="java.endorsed.dirs" value="C:\Program Files\Java\jdk1.8.0_162\jre\lib\endorsed"/>
    <property name="os.arch" value="amd64"/>
    <property name="java.io.tmpdir" value="C:\Users\rohitn\AppData\Local\Temp\"/>
    <property name="line.separator" value="&#10;"/>
    <property name="java.vm.specification.vendor" value="Oracle Corporation"/>
    <property name="user.variant" value=""/>
    <property name="os.name" value="Windows 8"/>
    <property name="classworlds.conf" value="D:\Day_User\Rohit\Eclipse\Workspace\.metadata\.plugins\org.eclipse.m2e.launching\launches\m2conf2721190635142481309.tmp"/>
    <property name="sun.jnu.encoding" value="Cp1252"/>
    <property name="java.library.path" value="C:\Program Files\Java\jdk1.8.0_162\bin;C:\Windows\Sun\Java\bin;C:\Windows\system32;C:\Windows;C:\Program Files\Java\jdk1.8.0_162\jre\bin;C:/Program Files/Java/jre1.8.0_162/bin/server;C:/Program Files/Java/jre1.8.0_162/bin;C:/Program Files/Java/jre1.8.0_162/lib/amd64;C:\ProgramData\Oracle\Java\javapath;C:\Windows\system32;C:\Windows;C:\Windows\System32\Wbem;C:\Windows\System32\WindowsPowerShell\v1.0\;C:\Program Files (x86)\Microsoft SQL Server\110\Tools\Binn\ManagementStudio\;C:\Program Files (x86)\Microsoft SQL Server\110\Tools\Binn\;C:\Program Files\Microsoft SQL Server\110\Tools\Binn\;C:\Program Files (x86)\Microsoft SQL Server\110\DTS\Binn\;C:\Program Files\NodeJS\node-v8.10.0-win-x64;C:\Program Files\NodeJS\node-v8.10.0-win-x64\node_modules\npm\bin;D:\Day_User\Rohit\Java\bin;D:\Day_User\Rohit\Maven\apache-maven-3.5.3\bin;D:\Day_User\Rohit\Allure\allure-2.4.0\bin;D:\Day_User\Rohit\Eclipse\eclipse;;."/>
    <property name="java.specification.name" value="Java Platform API Specification"/>
    <property name="java.class.version" value="52.0"/>
    <property name="sun.management.compiler" value="HotSpot 64-Bit Tiered Compilers"/>
    <property name="os.version" value="6.2"/>
    <property name="user.home" value="C:\Users\rohitn"/>
    <property name="user.timezone" value="Asia/Calcutta"/>
    <property name="java.awt.printerjob" value="sun.awt.windows.WPrinterJob"/>
    <property name="java.specification.version" value="1.8"/>
    <property name="file.encoding" value="Cp1252"/>
    <property name="user.name" value="rohitn"/>
    <property name="java.class.path" value="D:\Day_User\Rohit\Eclipse\eclipse\plugins\org.eclipse.m2e.maven.runtime_1.8.2.20171007-0216\jars\plexus-classworlds-2.5.2.jar"/>
    <property name="java.vm.specification.version" value="1.8"/>
    <property name="sun.arch.data.model" value="64"/>
    <property name="java.home" value="C:\Program Files\Java\jdk1.8.0_162\jre"/>
    <property name="sun.java.command" value="org.codehaus.plexus.classworlds.launcher.Launcher -B test"/>
    <property name="java.specification.vendor" value="Oracle Corporation"/>
    <property name="user.language" value="en"/>
    <property name="awt.toolkit" value="sun.awt.windows.WToolkit"/>
    <property name="java.vm.info" value="mixed mode"/>
    <property name="java.version" value="1.8.0_162"/>
    <property name="java.ext.dirs" value="C:\Program Files\Java\jdk1.8.0_162\jre\lib\ext;C:\Windows\Sun\Java\lib\ext"/>
    <property name="sun.boot.class.path" value="C:\Program Files\Java\jdk1.8.0_162\jre\lib\resources.jar;C:\Program Files\Java\jdk1.8.0_162\jre\lib\rt.jar;C:\Program Files\Java\jdk1.8.0_162\jre\lib\sunrsasign.jar;C:\Program Files\Java\jdk1.8.0_162\jre\lib\jsse.jar;C:\Program Files\Java\jdk1.8.0_162\jre\lib\jce.jar;C:\Program Files\Java\jdk1.8.0_162\jre\lib\charsets.jar;C:\Program Files\Java\jdk1.8.0_162\jre\lib\jfr.jar;C:\Program Files\Java\jdk1.8.0_162\jre\classes"/>
    <property name="java.vendor" value="Oracle Corporation"/>
    <property name="maven.home" value="D:\Day_User\Rohit\TestProjectWithPageFactoryConcepts\Eukleialms\EMBEDDED"/>
    <property name="file.separator" value="\"/>
    <property name="java.vendor.url.bug" value="http://bugreport.sun.com/bugreport/"/>
    <property name="sun.cpu.endian" value="little"/>
    <property name="sun.io.unicode.encoding" value="UnicodeLittle"/>
    <property name="sun.desktop" value="windows"/>
    <property name="sun.cpu.isalist" value="amd64"/>
  </properties>
  <testcase name="VerifyAllCarouselImagesAreVisibleForDefaultCarousel" classname="tests.TC001_VerifyImagesForDefaultCarouselBlock" time="41.481"/>
  <testcase name="beforeMethod" classname="tests.TC002_VerifyManageCarouselHavingCorrespondingElements" time="48.982">
    <failure type="java.lang.NullPointerException">java.lang.NullPointerException
	at tests.TC002_VerifyManageCarouselHavingCorrespondingElements.beforeMethod(TC002_VerifyManageCarouselHavingCorrespondingElements.java:46)
</failure>
    <system-out><![CDATA[I am in onFinish method Homepage
I am in onStart method Manage Carousel Page
Executing: VerifyAddCarouselLinkButtonExist
]]></system-out>
    <system-err><![CDATA[Starting ChromeDriver 2.38.552522 (437e6fbedfa8762dec75e2c5b3ddb86763dc9dcb) on port 3920
Only local connections are allowed.
]]></system-err>
  </testcase>
  <testcase name="beforeMethod" classname="tests.TC002_VerifyManageCarouselHavingCorrespondingElements" time="0">
    <skipped/>
  </testcase>
  <testcase name="VerifyAddCarouselLinkButtonExist" classname="tests.TC002_VerifyManageCarouselHavingCorrespondingElements" time="0">
    <skipped/>
    <system-out><![CDATA[I am in onTestSkipped method VerifyAddCarouselLinkButtonExist skipped
]]></system-out>
  </testcase>
  <testcase name="afterMethod" classname="tests.TC002_VerifyManageCarouselHavingCorrespondingElements" time="0">
    <skipped/>
  </testcase>
  <testcase name="afterMethod" classname="tests.TC002_VerifyManageCarouselHavingCorrespondingElements" time="0">
    <skipped/>
  </testcase>
  <testcase name="VerifyAllCarouselRecordsHavingCorrespondingEditDeleteBtn" classname="tests.TC002_VerifyManageCarouselHavingCorrespondingElements" time="0">
    <skipped/>
    <system-out><![CDATA[I am in onTestSkipped method VerifyAllCarouselRecordsHavingCorrespondingEditDeleteBtn skipped
]]></system-out>
  </testcase>
  <testcase name="beforeMethod" classname="tests.TC003_VerifyAddNewCarouselAndHavingRequiredElements" time="57.826">
    <failure type="java.lang.NullPointerException">java.lang.NullPointerException
	at tests.TC003_VerifyAddNewCarouselAndHavingRequiredElements.beforeMethod(TC003_VerifyAddNewCarouselAndHavingRequiredElements.java:48)
</failure>
    <system-out><![CDATA[I am in onFinish method Manage Carousel Page
I am in onStart method Add/Edit Carousel Page
Executing: VerifyAbleToRouteToAddNewCarouselHavingSomeFields
]]></system-out>
    <system-err><![CDATA[Starting ChromeDriver 2.38.552522 (437e6fbedfa8762dec75e2c5b3ddb86763dc9dcb) on port 31464
Only local connections are allowed.
]]></system-err>
  </testcase>
  <testcase name="VerifyAbleToRouteToAddNewCarouselHavingSomeFields" classname="tests.TC003_VerifyAddNewCarouselAndHavingRequiredElements" time="0">
    <skipped/>
    <system-out><![CDATA[I am in onTestSkipped method VerifyAbleToRouteToAddNewCarouselHavingSomeFields skipped
]]></system-out>
  </testcase>
  <testcase name="afterMethod" classname="tests.TC003_VerifyAddNewCarouselAndHavingRequiredElements" time="0">
    <skipped/>
  </testcase>
  <testcase name="beforeMethod" classname="tests.TC004_VerifyAddEditCarouselElements" time="65.436">
    <failure type="java.lang.NullPointerException">java.lang.NullPointerException
	at tests.TC004_VerifyAddEditCarouselElements.beforeMethod(TC004_VerifyAddEditCarouselElements.java:48)
</failure>
    <system-out><![CDATA[Executing: VerifyElementsWhileAddingNewCarousel
]]></system-out>
    <system-err><![CDATA[Starting ChromeDriver 2.38.552522 (437e6fbedfa8762dec75e2c5b3ddb86763dc9dcb) on port 47396
Only local connections are allowed.
]]></system-err>
  </testcase>
  <testcase name="beforeMethod" classname="tests.TC004_VerifyAddEditCarouselElements" time="0">
    <skipped/>
  </testcase>
  <testcase name="VerifyElementsWhileAddingNewCarousel" classname="tests.TC004_VerifyAddEditCarouselElements" time="0">
    <skipped/>
    <system-out><![CDATA[I am in onTestSkipped method VerifyElementsWhileAddingNewCarousel skipped
]]></system-out>
  </testcase>
  <testcase name="afterMethod" classname="tests.TC004_VerifyAddEditCarouselElements" time="0">
    <skipped/>
  </testcase>
  <testcase name="afterMethod" classname="tests.TC004_VerifyAddEditCarouselElements" time="0">
    <skipped/>
  </testcase>
  <testcase name="beforeMethod" classname="tests.TC005_VerifyAddEditDeleteCarouselFeature" time="75.282">
    <failure type="java.lang.NullPointerException">java.lang.NullPointerException
	at tests.TC005_VerifyAddEditDeleteCarouselFeature.beforeMethod(TC005_VerifyAddEditDeleteCarouselFeature.java:50)
</failure>
    <system-out><![CDATA[Executing: VerifyAbleToAddNewCarouselInTheSystem
]]></system-out>
    <system-err><![CDATA[Starting ChromeDriver 2.38.552522 (437e6fbedfa8762dec75e2c5b3ddb86763dc9dcb) on port 29841
Only local connections are allowed.
]]></system-err>
  </testcase>
  <testcase name="beforeMethod" classname="tests.TC005_VerifyAddEditDeleteCarouselFeature" time="0">
    <skipped/>
  </testcase>
  <testcase name="beforeMethod" classname="tests.TC005_VerifyAddEditDeleteCarouselFeature" time="0">
    <skipped/>
  </testcase>
  <testcase name="VerifyAbleToAddNewCarouselInTheSystem" classname="tests.TC005_VerifyAddEditDeleteCarouselFeature" time="0">
    <skipped/>
    <system-out><![CDATA[I am in onTestSkipped method VerifyAbleToAddNewCarouselInTheSystem skipped
]]></system-out>
  </testcase>
  <testcase name="afterMethod" classname="tests.TC005_VerifyAddEditDeleteCarouselFeature" time="0">
    <skipped/>
  </testcase>
  <testcase name="afterMethod" classname="tests.TC005_VerifyAddEditDeleteCarouselFeature" time="0">
    <skipped/>
  </testcase>
  <testcase name="afterMethod" classname="tests.TC005_VerifyAddEditDeleteCarouselFeature" time="0">
    <skipped/>
  </testcase>
  <testcase name="VerifyElementsWhileEditingExistingCarousel" classname="tests.TC004_VerifyAddEditCarouselElements" time="0">
    <skipped/>
    <system-out><![CDATA[I am in onTestSkipped method VerifyElementsWhileEditingExistingCarousel skipped
]]></system-out>
  </testcase>
  <testcase name="VerifyIsAbleToEditNewlyAddedCarousel" classname="tests.TC005_VerifyAddEditDeleteCarouselFeature" time="0">
    <skipped/>
    <system-out><![CDATA[I am in onTestSkipped method VerifyIsAbleToEditNewlyAddedCarousel skipped
]]></system-out>
  </testcase>
  <testcase name="VerifyIsAbleToDeleteItemsFromAddedEditedCarousel" classname="tests.TC005_VerifyAddEditDeleteCarouselFeature" time="0">
    <skipped/>
    <system-out><![CDATA[I am in onTestSkipped method VerifyIsAbleToDeleteItemsFromAddedEditedCarousel skipped
]]></system-out>
  </testcase>
</testsuite>